<?xml version="1.0" encoding="utf-8"?><testsuites name="pytest tests"><testsuite name="pytest" errors="0" failures="0" skipped="62" tests="736" time="161.458" timestamp="2026-09-21T00:45:46.989096+05:30" hostname="cachyos"><testcase classname="" name="tests.test_dashboard" time="0.000"><skipped message="collection skipped">('/home/ashin/Hackathon/SIH/legacy-reference/tests/test_dashboard.py', 13, "Skipped: could not import 'rerun': No module named 'rerun'")</skipped></testcase><testcase classname="" name="tests.test_dense3d_comparison" time="0.000"><skipped message="collection skipped">('/home/ashin/Hackathon/SIH/legacy-reference/tests/test_dense3d_comparison.py', 12, "Skipped: could not import 'rerun': No module named 'rerun'")</skipped></testcase><testcase classname="tests.test_ablation_table" name="test_the_digest_is_of_the_file_bytes" time="0.038" /><testcase classname="tests.test_ablation_table" name="test_the_digest_moves_when_a_threshold_moves" time="0.022" /><testcase classname="tests.test_ablation_table" name="test_a_matching_digest_is_reproducible_from_the_shell" time="0.014" /><testcase classname="tests.test_ablation_table" name="test_expect_thresholds_refuses_a_moved_config" time="0.015" /><testcase classname="tests.test_allocators" name="test_ring_geometry_reproduces_the_published_cell_counts[5/10/20/40-expected0]" time="0.008" /><testcase classname="tests.test_allocators" name="test_ring_geometry_reproduces_the_published_cell_counts[5/10/50-expected1]" time="0.005" /><testcase classname="tests.test_allocators" name="test_rings_tile_the_flat_array_without_gap_or_overlap" time="0.004" /><testcase classname="tests.test_allocators" name="test_config_that_disagrees_with_its_own_geometry_is_rejected" time="0.004" /><testcase classname="tests.test_allocators" name="test_annulus_addressing_is_a_bijection" time="0.058" /><testcase classname="tests.test_allocators" name="test_hole_cells_are_not_index_zero" time="0.004" /><testcase classname="tests.test_allocators" name="test_one_array_per_field_not_array_of_structs" time="0.033" /><testcase classname="tests.test_allocators" name="test_ring_view_writes_through_to_the_allocation" time="0.001" /><testcase classname="tests.test_allocators" name="test_claimed_bound_equals_measured_bytes" time="0.001" /><testcase classname="tests.test_allocators" name="test_logical_cell_count_is_the_headline_figure" time="0.001" /><testcase classname="tests.test_allocators" name="test_toroidal_padding_is_reported_separately" time="0.001" /><testcase classname="tests.test_allocators" name="test_annulus_storage_drops_the_padding" time="0.022" /><testcase classname="tests.test_allocators" name="test_refinement_pool_is_ninety_eight_kilobytes" time="0.001" /><testcase classname="tests.test_allocators" name="test_transient_layer_shares_the_grid_geometry" time="0.001" /><testcase classname="tests.test_allocators" name="test_transient_layer_can_be_limited_to_the_inner_rings" time="0.044" /><testcase classname="tests.test_allocators" name="test_ablation_schedule_allocates_the_smaller_bound" time="0.020" /><testcase classname="tests.test_allocators" name="test_tracked_object_list_is_capped" time="0.002" /><testcase classname="tests.test_allocators" name="test_budget_lines_sum_to_the_total" time="0.001" /><testcase classname="tests.test_allocators" name="test_frame_loop_does_not_allocate" time="0.014" /><testcase classname="tests.test_allocators" name="test_our_own_allocation_is_resident_not_just_promised" time="0.001" /><testcase classname="tests.test_allocators" name="test_commit_can_be_declined" time="0.029" /><testcase classname="tests.test_allocators" name="test_a_fresh_grid_reports_nothing_overhead" time="0.002" /><testcase classname="tests.test_allocators" name="test_the_refinement_pool_starts_in_the_same_state" time="0.001" /><testcase classname="tests.test_allocators" name="test_every_other_field_really_is_empty_at_zero" time="0.002" /><testcase classname="tests.test_allocators" name="test_visibility_scratch_is_off_by_default" time="0.024" /><testcase classname="tests.test_allocators" name="test_visibility_scratch_is_declared_when_switched_on" time="0.047" /><testcase classname="tests.test_allocators" name="test_the_cap_sizes_the_scratch_and_the_budget_together[50000]" time="0.027" /><testcase classname="tests.test_allocators" name="test_the_cap_sizes_the_scratch_and_the_budget_together[150000]" time="0.034" /><testcase classname="tests.test_allocators" name="test_the_cap_sizes_the_scratch_and_the_budget_together[200000]" time="0.037" /><testcase classname="tests.test_allocators" name="test_the_gather_buffer_matches_the_range_image_dtype" time="0.047" /><testcase classname="tests.test_allocators" name="test_claimed_bound_equals_measured_bytes_in_every_configuration[kw0]" time="0.024" /><testcase classname="tests.test_allocators" name="test_claimed_bound_equals_measured_bytes_in_every_configuration[kw1]" time="0.026" /><testcase classname="tests.test_allocators" name="test_claimed_bound_equals_measured_bytes_in_every_configuration[kw2]" time="0.048" /><testcase classname="tests.test_allocators" name="test_claimed_bound_equals_measured_bytes_in_every_configuration[kw3]" time="0.049" /><testcase classname="tests.test_allocators" name="test_a_null_candidate_cap_means_the_whole_grid" time="0.002" /><testcase classname="tests.test_allocators" name="test_the_allocated_visibility_scratch_matches_the_resolved_cap" time="0.056" /><testcase classname="tests.test_allocators" name="test_the_measured_peaks_fit_under_the_structural_bound" time="0.026" /><testcase classname="tests.test_api" name="test_every_destination_the_frozen_api_names_actually_exists[historical_reference.gpu.pyramid.classify]" time="0.002" /><testcase classname="tests.test_api" name="test_every_destination_the_frozen_api_names_actually_exists[historical_reference.grid.fusion.fuse]" time="0.002" /><testcase classname="tests.test_api" name="test_every_destination_the_frozen_api_names_actually_exists[historical_reference.grid.fusion.scatter]" time="0.002" /><testcase classname="tests.test_api" name="test_every_destination_the_frozen_api_names_actually_exists[historical_reference.grid.query.is_traversable]" time="0.001" /><testcase classname="tests.test_api" name="test_every_destination_the_frozen_api_names_actually_exists[historical_reference.grid.query.query]" time="0.001" /><testcase classname="tests.test_api" name="test_every_destination_the_frozen_api_names_actually_exists[historical_reference.grid.splitmerge.merge]" time="0.001" /><testcase classname="tests.test_api" name="test_every_destination_the_frozen_api_names_actually_exists[historical_reference.grid.splitmerge.split]" time="0.001" /><testcase classname="tests.test_api" name="test_every_destination_the_frozen_api_names_actually_exists[historical_reference.grid.transient.TrackList]" time="0.001" /><testcase classname="tests.test_api" name="test_each_stub_raises_pointing_at_its_implementation[scatter]" time="0.001" /><testcase classname="tests.test_api" name="test_each_stub_raises_pointing_at_its_implementation[fuse]" time="0.001" /><testcase classname="tests.test_api" name="test_each_stub_raises_pointing_at_its_implementation[split]" time="0.002" /><testcase classname="tests.test_api" name="test_each_stub_raises_pointing_at_its_implementation[merge]" time="0.001" /><testcase classname="tests.test_api" name="test_each_stub_raises_pointing_at_its_implementation[query]" time="0.001" /><testcase classname="tests.test_api" name="test_each_stub_raises_pointing_at_its_implementation[is_traversable]" time="0.001" /><testcase classname="tests.test_api" name="test_each_stub_raises_pointing_at_its_implementation[query_conservative]" time="0.001" /><testcase classname="tests.test_api" name="test_each_stub_raises_pointing_at_its_implementation[dynamic_objects]" time="0.001" /><testcase classname="tests.test_api" name="test_export_gridmap_is_the_one_that_is_still_open" time="0.001" /><testcase classname="tests.test_api" name="test_the_frozen_surface_is_still_the_five_plus_the_output_interface" time="0.001" /><testcase classname="tests.test_attrition" name="test_every_return_ends_in_exactly_one_stage_and_every_stage_fires" time="0.070" /><testcase classname="tests.test_attrition" name="test_attrition_is_off_by_default" time="0.057" /><testcase classname="tests.test_attrition" name="test_attrition_is_identical_on_both_devices" time="0.000"><skipped type="pytest.skip" message="no working CUDA device">/home/ashin/Hackathon/SIH/legacy-reference/tests/test_attrition.py:68: no working CUDA device</skipped></testcase><testcase classname="tests.test_baseline" name="test_full_scale_counts_match_the_report" time="0.001" /><testcase classname="tests.test_baseline" name="test_full_scale_ratios_are_the_headline_numbers" time="0.001" /><testcase classname="tests.test_baseline" name="test_the_uniform_ratio_is_invariant_to_bytes_per_cell" time="0.001" /><testcase classname="tests.test_baseline" name="test_uniform_baseline_uses_the_frozen_cell_struct" time="0.024" /><testcase classname="tests.test_baseline" name="test_allocation_is_actually_resident" time="0.022" /><testcase classname="tests.test_baseline" name="test_an_untouched_allocation_would_have_read_as_free" time="0.011" /><testcase classname="tests.test_baseline" name="test_the_process_counter_still_sees_a_large_allocation" time="0.009" /><testcase classname="tests.test_baseline" name="test_commit_does_not_disturb_the_contents" time="0.001" /><testcase classname="tests.test_baseline" name="test_dense_ingest_marks_the_voxel_containing_the_point" time="0.006" /><testcase classname="tests.test_baseline" name="test_returns_outside_the_footprint_are_dropped_not_wrapped" time="0.005" /><testcase classname="tests.test_baseline" name="test_uniform_ingest_records_height_and_counts_observations" time="0.002" /><testcase classname="tests.test_baseline" name="test_an_impossible_allocation_is_refused_rather_than_attempted" time="0.002" /><testcase classname="tests.test_baseline" name="test_the_guard_can_be_overridden_deliberately" time="0.002" /><testcase classname="tests.test_bin_points" name="test_d_aniso_into_matches_d_aniso[0.0-5/10/20/40]" time="0.006" /><testcase classname="tests.test_bin_points" name="test_d_aniso_into_matches_d_aniso[0.0-5/10/50]" time="0.005" /><testcase classname="tests.test_bin_points" name="test_d_aniso_into_matches_d_aniso[5.0-5/10/20/40]" time="0.005" /><testcase classname="tests.test_bin_points" name="test_d_aniso_into_matches_d_aniso[5.0-5/10/50]" time="0.004" /><testcase classname="tests.test_bin_points" name="test_d_aniso_into_matches_d_aniso[15.0-5/10/20/40]" time="0.005" /><testcase classname="tests.test_bin_points" name="test_d_aniso_into_matches_d_aniso[15.0-5/10/50]" time="0.004" /><testcase classname="tests.test_bin_points" name="test_d_aniso_into_matches_d_aniso[30.0-5/10/20/40]" time="0.005" /><testcase classname="tests.test_bin_points" name="test_d_aniso_into_matches_d_aniso[30.0-5/10/50]" time="0.004" /><testcase classname="tests.test_bin_points" name="test_ring_of_into_matches_ring_of[0.0-5/10/20/40]" time="0.040" /><testcase classname="tests.test_bin_points" name="test_ring_of_into_matches_ring_of[0.0-5/10/50]" time="0.038" /><testcase classname="tests.test_bin_points" name="test_ring_of_into_matches_ring_of[5.0-5/10/20/40]" time="0.047" /><testcase classname="tests.test_bin_points" name="test_ring_of_into_matches_ring_of[5.0-5/10/50]" time="0.049" /><testcase classname="tests.test_bin_points" name="test_ring_of_into_matches_ring_of[15.0-5/10/20/40]" time="0.049" /><testcase classname="tests.test_bin_points" name="test_ring_of_into_matches_ring_of[15.0-5/10/50]" time="0.038" /><testcase classname="tests.test_bin_points" name="test_ring_of_into_matches_ring_of[30.0-5/10/20/40]" time="0.046" /><testcase classname="tests.test_bin_points" name="test_ring_of_into_matches_ring_of[30.0-5/10/50]" time="0.038" /><testcase classname="tests.test_bin_points" name="test_ring_of_into_covers_every_ring_and_outside" time="0.010" /><testcase classname="tests.test_bin_points" name="test_bin_points_matches_the_reference_path[0.0-5/10/20/40]" time="0.049" /><testcase classname="tests.test_bin_points" name="test_bin_points_matches_the_reference_path[0.0-5/10/50]" time="0.040" /><testcase classname="tests.test_bin_points" name="test_bin_points_matches_the_reference_path[5.0-5/10/20/40]" time="0.046" /><testcase classname="tests.test_bin_points" name="test_bin_points_matches_the_reference_path[5.0-5/10/50]" time="0.042" /><testcase classname="tests.test_bin_points" name="test_bin_points_matches_the_reference_path[15.0-5/10/20/40]" time="0.046" /><testcase classname="tests.test_bin_points" name="test_bin_points_matches_the_reference_path[15.0-5/10/50]" time="0.040" /><testcase classname="tests.test_bin_points" name="test_bin_points_matches_the_reference_path[30.0-5/10/20/40]" time="0.044" /><testcase classname="tests.test_bin_points" name="test_bin_points_matches_the_reference_path[30.0-5/10/50]" time="0.040" /><testcase classname="tests.test_bin_points" name="test_every_ring_is_actually_exercised[5/10/20/40]" time="0.012" /><testcase classname="tests.test_bin_points" name="test_every_ring_is_actually_exercised[5/10/50]" time="0.013" /><testcase classname="tests.test_bin_points" name="test_the_vehicle_position_is_not_optional" time="0.012" /><testcase classname="tests.test_bin_points" name="test_bin_points_allocates_nothing_in_the_loop" time="0.126" /><testcase classname="tests.test_bin_points" name="test_binning_does_not_allocate_more_as_the_sweep_grows" time="0.150" /><testcase classname="tests.test_bin_points" name="test_the_scratch_refuses_a_sweep_it_was_not_sized_for" time="0.010" /><testcase classname="tests.test_bin_points" name="test_a_non_integer_ring_ratio_is_refused" time="0.002" /><testcase classname="tests.test_build_reference_map" name="test_it_builds_and_caches_a_reference_map" time="4.982" /><testcase classname="tests.test_build_reference_map" name="test_the_ground_lands_where_the_surface_is" time="3.836" /><testcase classname="tests.test_build_reference_map" name="test_a_first_pass_can_stop_early" time="5.668" /><testcase classname="tests.test_build_reference_map" name="test_missing_data_is_a_clean_exit_not_a_traceback" time="0.002" /><testcase classname="tests.test_build_reference_map" name="test_the_script_is_runnable_as_a_script" time="0.004" /><testcase classname="tests.test_cell" name="test_cell_is_twelve_bytes" time="0.001" /><testcase classname="tests.test_cell" name="test_no_hidden_padding" time="0.001" /><testcase classname="tests.test_cell" name="test_heights_are_int16_centimetres" time="0.001" /><testcase classname="tests.test_cell" name="test_traversability_bits_are_six_distinct_flags" time="0.001" /><testcase classname="tests.test_cell" name="test_flag_bits_distinct" time="0.001" /><testcase classname="tests.test_cell" name="test_soa_allocation_is_one_array_per_field" time="0.001" /><testcase classname="tests.test_cell" name="test_memory_headline_numbers" time="0.001" /><testcase classname="tests.test_confidence" name="test_the_cell_struct_is_untouched" time="0.001" /><testcase classname="tests.test_confidence" name="test_vote_share_is_a_lower_bound_from_the_boyer_moore_counter" time="0.005" /><testcase classname="tests.test_confidence" name="test_a_just_replaced_candidate_is_a_coin_flip" time="0.002" /><testcase classname="tests.test_confidence" name="test_an_unobserved_cell_has_no_class_confidence" time="0.002" /><testcase classname="tests.test_confidence" name="test_the_counter_saturates_and_the_share_says_so" time="0.002" /><testcase classname="tests.test_confidence" name="test_flat_well_observed_road_is_confident" time="0.002" /><testcase classname="tests.test_confidence" name="test_a_non_drivable_class_has_no_drivability_confidence" time="0.002" /><testcase classname="tests.test_confidence" name="test_confidence_is_the_weakest_channel_not_the_average" time="0.002" /><testcase classname="tests.test_confidence" name="test_thin_evidence_caps_confidence_below_a_confident_label" time="0.002" /><testcase classname="tests.test_confidence" name="test_the_blind_cone_has_zero_confidence_whatever_it_holds" time="0.002" /><testcase classname="tests.test_confidence" name="test_a_slope_at_the_threshold_has_no_geometric_margin" time="0.002" /><testcase classname="tests.test_confidence" name="test_summarise_reports_a_distribution_not_just_a_mean" time="0.002" /><testcase classname="tests.test_cvd" name="test_normal_is_identity_and_greyscale_is_cvd_invariant" time="0.002" /><testcase classname="tests.test_cvd" name="test_palette_is_colourblind_safe[class (groups)]" time="0.008" /><testcase classname="tests.test_cvd" name="test_palette_is_colourblind_safe[motion]" time="0.002" /><testcase classname="tests.test_cvd" name="test_palette_is_colourblind_safe[ground]" time="0.002" /><testcase classname="tests.test_cvd" name="test_palette_is_colourblind_safe[intensity/reflectivity]" time="0.005" /><testcase classname="tests.test_cvd" name="test_group_palette_covers_all_19_classes_exactly_once" time="0.001" /><testcase classname="tests.test_cvd" name="test_ghost_highlight_is_distinct_from_every_class_colour" time="0.010" /><testcase classname="tests.test_cvd" name="test_ghost_highlight_is_distinct_from_every_group_colour" time="0.004" /><testcase classname="tests.test_cvd" name="test_ghost_is_not_red_or_green" time="0.001" /><testcase classname="tests.test_cvd" name="test_semantickitti_class_map_limitation_is_unchanged" time="0.051" /><testcase classname="tests.test_dashboard_features" name="test_confidence_ramp_shape_and_range" time="0.000"><skipped type="pytest.skip" message="rerun not installed -- the optional [dash] extra">/home/ashin/Hackathon/SIH/legacy-reference/tests/test_dashboard_features.py:62: rerun not installed -- the optional [dash] extra</skipped></testcase><testcase classname="tests.test_dashboard_features" name="test_confidence_ramp_is_ordered_in_luminance_not_hue" time="0.000"><skipped type="pytest.skip" message="rerun not installed -- the optional [dash] extra">/home/ashin/Hackathon/SIH/legacy-reference/tests/test_dashboard_features.py:67: rerun not installed -- the optional [dash] extra</skipped></testcase><testcase classname="tests.test_dashboard_features" name="test_confidence_ramp_clips_out_of_range_inputs" time="0.000"><skipped type="pytest.skip" message="rerun not installed -- the optional [dash] extra">/home/ashin/Hackathon/SIH/legacy-reference/tests/test_dashboard_features.py:77: rerun not installed -- the optional [dash] extra</skipped></testcase><testcase classname="tests.test_dashboard_features" name="test_ring_slices_cover_the_allocation_exactly_once" time="0.000"><skipped type="pytest.skip" message="rerun not installed -- the optional [dash] extra">/home/ashin/Hackathon/SIH/legacy-reference/tests/test_dashboard_features.py:86: rerun not installed -- the optional [dash] extra</skipped></testcase><testcase classname="tests.test_dashboard_features" name="test_flat_adds_the_ring_offset_so_rings_cannot_alias" time="0.000"><skipped type="pytest.skip" message="rerun not installed -- the optional [dash] extra">/home/ashin/Hackathon/SIH/legacy-reference/tests/test_dashboard_features.py:100: rerun not installed -- the optional [dash] extra</skipped></testcase><testcase classname="tests.test_dashboard_features" name="test_features_are_off_by_default" time="0.000"><skipped type="pytest.skip" message="rerun not installed -- the optional [dash] extra">/home/ashin/Hackathon/SIH/legacy-reference/tests/test_dashboard_features.py:113: rerun not installed -- the optional [dash] extra</skipped></testcase><testcase classname="tests.test_dashboard_features" name="test_features_need_an_engine" time="0.000"><skipped type="pytest.skip" message="rerun not installed -- the optional [dash] extra">/home/ashin/Hackathon/SIH/legacy-reference/tests/test_dashboard_features.py:120: rerun not installed -- the optional [dash] extra</skipped></testcase><testcase classname="tests.test_dashboard_features" name="test_log_features_is_a_noop_when_disabled" time="0.000"><skipped type="pytest.skip" message="rerun not installed -- the optional [dash] extra">/home/ashin/Hackathon/SIH/legacy-reference/tests/test_dashboard_features.py:130: rerun not installed -- the optional [dash] extra</skipped></testcase><testcase classname="tests.test_dashboard_features" name="test_the_recompute_interval_is_not_every_frame" time="0.000"><skipped type="pytest.skip" message="rerun not installed -- the optional [dash] extra">/home/ashin/Hackathon/SIH/legacy-reference/tests/test_dashboard_features.py:137: rerun not installed -- the optional [dash] extra</skipped></testcase><testcase classname="tests.test_dashboard_features" name="test_log_features_draws_on_an_empty_map_without_raising" time="0.000"><skipped type="pytest.skip" message="rerun not installed -- the optional [dash] extra">/home/ashin/Hackathon/SIH/legacy-reference/tests/test_dashboard_features.py:148: rerun not installed -- the optional [dash] extra</skipped></testcase><testcase classname="tests.test_dashboard_features" name="test_log_features_runs_on_a_stepped_map" time="0.000"><skipped type="pytest.skip" message="rerun not installed -- the optional [dash] extra">/home/ashin/Hackathon/SIH/legacy-reference/tests/test_dashboard_features.py:155: rerun not installed -- the optional [dash] extra</skipped></testcase><testcase classname="tests.test_determinism" name="test_same_input_twice_gives_identical_map_hash[scatter_sorted]" time="0.025" /><testcase classname="tests.test_determinism" name="test_same_input_twice_gives_identical_map_hash[scatter_atomic]" time="0.024" /><testcase classname="tests.test_determinism" name="test_point_order_does_not_change_the_map[scatter_sorted]" time="0.039" /><testcase classname="tests.test_determinism" name="test_point_order_does_not_change_the_map[scatter_atomic]" time="0.049" /><testcase classname="tests.test_determinism" name="test_the_two_scatter_paths_produce_the_same_hash" time="0.014" /><testcase classname="tests.test_determinism" name="test_float_accumulation_would_not_survive_this" time="0.003" /><testcase classname="tests.test_determinism" name="test_map_hash_is_sensitive_to_every_field" time="0.011" /><testcase classname="tests.test_determinism" name="test_map_hash_distinguishes_fields_with_equal_contents" time="0.001" /><testcase classname="tests.test_determinism" name="test_the_whole_frame_loop_replays_identically" time="0.528" /><testcase classname="tests.test_determinism" name="test_the_frame_loop_is_not_hashing_an_empty_map" time="0.396" /><testcase classname="tests.test_determinism" name="test_real_sequence_replay_is_identical" time="0.002"><skipped type="pytest.skip" message="KITTI seq 08 not present -- set HISTORICAL_REFERENCE_DATA_ROOT">/home/ashin/Hackathon/SIH/legacy-reference/tests/test_determinism.py:213: KITTI seq 08 not present -- set HISTORICAL_REFERENCE_DATA_ROOT</skipped></testcase><testcase classname="tests.test_determinism" name="test_no_allocation_inside_the_frame_loop" time="0.184" /><testcase classname="tests.test_device" name="test_resolve_device_rejects_unknown_names" time="0.002" /><testcase classname="tests.test_device" name="test_cuda_without_a_card_fails_loudly" time="0.002" /><testcase classname="tests.test_device" name="test_cpu_engine_has_no_device_half" time="0.012" /><testcase classname="tests.test_device" name="test_variance_code_table_reproduces_the_codec_exactly" time="0.047" /><testcase classname="tests.test_device" name="test_floor_divide_is_numpys_not_cupys" time="0.000"><skipped type="pytest.skip" message="no working CUDA device">/home/ashin/Hackathon/SIH/legacy-reference/tests/test_device.py:81: no working CUDA device</skipped></testcase><testcase classname="tests.test_device" name="test_device_bin_matches_bin_points" time="0.000"><skipped type="pytest.skip" message="no working CUDA device">/home/ashin/Hackathon/SIH/legacy-reference/tests/test_device.py:97: no working CUDA device</skipped></testcase><testcase classname="tests.test_device" name="test_device_projection_matches_range_image_project" time="0.000"><skipped type="pytest.skip" message="no working CUDA device">/home/ashin/Hackathon/SIH/legacy-reference/tests/test_device.py:124: no working CUDA device</skipped></testcase><testcase classname="tests.test_device" name="test_a_stale_device_frame_refuses_to_read" time="0.000"><skipped type="pytest.skip" message="no working CUDA device">/home/ashin/Hackathon/SIH/legacy-reference/tests/test_device.py:151: no working CUDA device</skipped></testcase><testcase classname="tests.test_device" name="test_device_engine_is_bit_identical_to_cpu[True]" time="0.000"><skipped type="pytest.skip" message="no working CUDA device">/home/ashin/Hackathon/SIH/legacy-reference/tests/test_device.py:167: no working CUDA device</skipped></testcase><testcase classname="tests.test_device" name="test_device_engine_is_bit_identical_to_cpu[False]" time="0.000"><skipped type="pytest.skip" message="no working CUDA device">/home/ashin/Hackathon/SIH/legacy-reference/tests/test_device.py:167: no working CUDA device</skipped></testcase><testcase classname="tests.test_device" name="test_the_device_grid_is_the_map_and_the_host_copy_is_read_only" time="0.000"><skipped type="pytest.skip" message="no working CUDA device">/home/ashin/Hackathon/SIH/legacy-reference/tests/test_device.py:187: no working CUDA device</skipped></testcase><testcase classname="tests.test_device" name="test_device_step_allocates_almost_nothing_on_the_host" time="0.000"><skipped type="pytest.skip" message="no working CUDA device">/home/ashin/Hackathon/SIH/legacy-reference/tests/test_device.py:197: no working CUDA device</skipped></testcase><testcase classname="tests.test_device" name="test_device_memory_is_declared" time="0.000"><skipped type="pytest.skip" message="no working CUDA device">/home/ashin/Hackathon/SIH/legacy-reference/tests/test_device.py:216: no working CUDA device</skipped></testcase><testcase classname="tests.test_device" name="test_device_rebase_drops_evidence_exactly_as_the_host_does" time="0.000"><skipped type="pytest.skip" message="no working CUDA device">/home/ashin/Hackathon/SIH/legacy-reference/tests/test_device.py:222: no working CUDA device</skipped></testcase><testcase classname="tests.test_device" name="test_device_bitfield_matches_host[None]" time="0.000"><skipped type="pytest.skip" message="no working CUDA device">/home/ashin/Hackathon/SIH/legacy-reference/tests/test_device.py:252: no working CUDA device</skipped></testcase><testcase classname="tests.test_device" name="test_device_bitfield_matches_host[1.0]" time="0.000"><skipped type="pytest.skip" message="no working CUDA device">/home/ashin/Hackathon/SIH/legacy-reference/tests/test_device.py:252: no working CUDA device</skipped></testcase><testcase classname="tests.test_engine" name="test_a_departed_car_leaves_no_ghost" time="0.200" /><testcase classname="tests.test_engine" name="test_without_cleanup_the_ghost_remains" time="0.148" /><testcase classname="tests.test_engine" name="test_the_guard_protects_the_wall" time="0.198" /><testcase classname="tests.test_engine" name="test_the_frame_loop_allocates_almost_nothing" time="0.129" /><testcase classname="tests.test_engine" name="test_the_two_grid_allocations_stay_fixed" time="0.039" /><testcase classname="tests.test_engine" name="test_the_whole_label_set_now_fuses_and_raw_ids_still_raise" time="0.035" /><testcase classname="tests.test_engine" name="test_the_ghost_clears_at_any_vehicle_elevation[0.0]" time="0.198" /><testcase classname="tests.test_engine" name="test_the_ghost_clears_at_any_vehicle_elevation[-5.8]" time="0.202" /><testcase classname="tests.test_engine" name="test_the_ghost_clears_at_any_vehicle_elevation[6.0]" time="0.198" /><testcase classname="tests.test_engine" name="test_the_ghost_clears_at_any_vehicle_elevation[12.0]" time="0.196" /><testcase classname="tests.test_engine" name="test_the_ghost_clears_at_any_vehicle_elevation[39.0]" time="0.200" /><testcase classname="tests.test_engine" name="test_the_band_follows_the_vehicle_rather_than_the_world_datum" time="0.202" /><testcase classname="tests.test_engine" name="test_the_visibility_cap_reports_what_it_dropped" time="0.002" /><testcase classname="tests.test_features" name="test_a_straight_kerb_is_found_along_its_whole_run" time="0.002" /><testcase classname="tests.test_features" name="test_a_kerb_is_reported_as_a_feature_not_as_impassable" time="0.003" /><testcase classname="tests.test_features" name="test_a_wall_is_not_a_kerb" time="0.002" /><testcase classname="tests.test_features" name="test_road_texture_is_not_a_kerb" time="0.002" /><testcase classname="tests.test_features" name="test_a_lone_raised_cell_is_a_rock_not_a_kerb" time="0.002" /><testcase classname="tests.test_features" name="test_an_unobserved_strip_is_not_a_kerb" time="0.002" /><testcase classname="tests.test_features" name="test_a_pothole_is_found_with_its_depth" time="0.005" /><testcase classname="tests.test_features" name="test_a_hole_in_the_data_is_not_a_pothole" time="0.004" /><testcase classname="tests.test_features" name="test_the_blind_cone_is_not_one_enormous_pothole" time="0.004" /><testcase classname="tests.test_features" name="test_a_downgrade_is_not_a_pothole" time="0.004" /><testcase classname="tests.test_features" name="test_a_shallow_patch_is_not_a_pothole" time="0.004" /><testcase classname="tests.test_features" name="test_the_two_detectors_do_not_claim_the_same_cells" time="0.005" /><testcase classname="tests.test_features" name="test_a_pothole_split_across_the_memory_wrap_is_still_found" time="0.004" /><testcase classname="tests.test_features" name="test_nothing_is_measured_across_the_windows_world_edge" time="0.003" /><testcase classname="tests.test_features" name="test_a_kerb_adjacent_cell_is_not_a_pothole" time="0.004" /><testcase classname="tests.test_frame_convention" name="test_a_z_up_world_passes" time="0.002" /><testcase classname="tests.test_frame_convention" name="test_a_translated_z_up_world_still_passes" time="0.002" /><testcase classname="tests.test_frame_convention" name="test_a_camera_convention_pose_is_caught" time="0.002" /><testcase classname="tests.test_frame_convention" name="test_the_message_names_the_fix" time="0.002" /><testcase classname="tests.test_frame_convention" name="test_only_ground_returns_are_consulted" time="0.002" /><testcase classname="tests.test_frame_convention" name="test_no_ground_returns_is_not_an_error" time="0.001" /><testcase classname="tests.test_frame_convention" name="test_the_harness_checks_its_first_frame" time="0.010" /><testcase classname="tests.test_frame_convention" name="test_frame_zero_cannot_tell_the_conventions_apart" time="0.002" /><testcase classname="tests.test_frame_convention" name="test_the_guard_looks_again_once_the_vehicle_has_moved" time="0.002" /><testcase classname="tests.test_frame_convention" name="test_the_guard_stops_costing_anything_after_the_second_look" time="0.002" /><testcase classname="tests.test_frame_convention" name="test_a_caller_with_no_pose_gets_a_single_unconditional_check" time="0.002" /><testcase classname="tests.test_fusion" name="test_first_measurement_initialises_rather_than_filters" time="0.002" /><testcase classname="tests.test_fusion" name="test_variance_decreases_under_repeated_consistent_measurements" time="0.005" /><testcase classname="tests.test_fusion" name="test_process_noise_stops_the_filter_locking" time="0.040" /><testcase classname="tests.test_fusion" name="test_a_far_return_moves_the_cell_less_than_a_near_one" time="0.003" /><testcase classname="tests.test_fusion" name="test_fuse_is_bit_identical_run_to_run" time="0.004" /><testcase classname="tests.test_fusion" name="test_fuse_rejects_the_hole_sentinel" time="0.002" /><testcase classname="tests.test_fusion" name="test_zeroed_memory_decodes_to_no_information" time="0.001" /><testcase classname="tests.test_fusion" name="test_codec_never_understates_uncertainty" time="0.002" /><testcase classname="tests.test_fusion" name="test_codec_is_monotone_so_the_filter_cannot_round_backwards" time="0.001" /><testcase classname="tests.test_fusion" name="test_theorem_1_is_not_always_visible_through_the_codec" time="0.004" /><testcase classname="tests.test_fusion" name="test_boyer_moore_majority_in_one_byte" time="0.063" /><testcase classname="tests.test_fusion" name="test_boyer_moore_matches_the_textbook_until_the_counter_saturates" time="0.347" /><testcase classname="tests.test_fusion" name="test_saturation_is_what_bounds_the_guarantee" time="0.003" /><testcase classname="tests.test_fusion" name="test_class_byte_packs_and_survives_a_round_trip" time="0.005" /><testcase classname="tests.test_fusion" name="test_counter_saturates_without_losing_the_candidate" time="0.009" /><testcase classname="tests.test_fusion" name="test_the_whole_label_set_fits" time="0.003" /><testcase classname="tests.test_fusion" name="test_fuse_votes_the_class_it_was_given" time="0.003" /><testcase classname="tests.test_fusion" name="test_unknown_is_decided_by_observation_count" time="0.001" /><testcase classname="tests.test_fusion" name="test_blind_cone_is_unknown_never_free" time="0.001" /><testcase classname="tests.test_fusion" name="test_a_return_is_evidence_of_occupancy_and_the_clamp_holds" time="0.045" /><testcase classname="tests.test_fusion" name="test_a_zeroed_grid_would_report_the_whole_world_untraversable" time="0.002" /><testcase classname="tests.test_fusion" name="test_ceiling_keeps_the_lowest_thing_overhead" time="0.002" /><testcase classname="tests.test_fusion" name="test_ground_height_must_not_average_in_the_canopy" time="0.002" /><testcase classname="tests.test_fusion" name="test_measurement_variance_matches_the_weights_fuse_infers" time="0.001" /><testcase classname="tests.test_fusion" name="test_visibility_cleanup_is_not_declared_here" time="0.001" /><testcase classname="tests.test_fusion" name="test_a_cell_with_only_non_ground_returns_keeps_its_height" time="0.002" /><testcase classname="tests.test_fusion" name="test_a_wall_seen_before_any_ground_does_not_plant_itself_at_the_datum" time="0.001" /><testcase classname="tests.test_fusion" name="test_the_rest_of_the_cell_still_updates_without_ground_evidence" time="0.001" /><testcase classname="tests.test_fusion" name="test_occupancy_state_out_path_matches_the_allocating_one" time="0.048" /><testcase classname="tests.test_fusion" name="test_unknown_beats_free_and_blind_beats_everything" time="0.012" /><testcase classname="tests.test_fusion" name="test_out_of_band_is_exactly_the_heights_the_clamp_would_change" time="0.002" /><testcase classname="tests.test_fusion" name="test_a_ground_return_outside_the_band_does_not_move_the_height" time="0.009" /><testcase classname="tests.test_fusion" name="test_rebasing_a_height_out_of_the_band_drops_its_evidence" time="0.001" /><testcase classname="tests.test_gate" name="test_a_dynamic_cell_fires_the_gate" time="0.009" /><testcase classname="tests.test_gate" name="test_a_thin_class_fires_the_gate" time="0.010" /><testcase classname="tests.test_gate" name="test_every_configured_refine_class_can_now_fire_it" time="0.002" /><testcase classname="tests.test_gate" name="test_an_uncertain_edge_fires_the_gate_and_a_certain_one_does_not" time="0.010" /><testcase classname="tests.test_gate" name="test_the_ambiguity_criterion_is_not_its_own_definition" time="0.010" /><testcase classname="tests.test_gate" name="test_ring_zero_is_never_refined" time="0.009" /><testcase classname="tests.test_gate" name="test_a_refined_block_is_a_split_not_a_blank" time="0.009" /><testcase classname="tests.test_gate" name="test_the_children_merge_back_to_the_parent" time="0.009" /><testcase classname="tests.test_gate" name="test_release_happens_when_the_vehicle_drives_up_to_the_cell" time="0.109" /><testcase classname="tests.test_gate" name="test_hysteresis_keeps_a_boundary_cell_from_thrashing_the_pool" time="1.027" /><testcase classname="tests.test_gate" name="test_the_pool_stays_bounded_under_a_flood" time="0.179" /><testcase classname="tests.test_gate" name="test_the_ablation_reports_unfit_rather_than_truncating" time="0.009" /><testcase classname="tests.test_gate" name="test_uncertainty_reason_is_opt_in_and_fires_where_the_model_is_unsure" time="0.011" /><testcase classname="tests.test_gate_fast" name="test_apply_matches_the_reference[512]" time="4.561" /><testcase classname="tests.test_gate_fast" name="test_apply_matches_the_reference[8]" time="2.076" /><testcase classname="tests.test_gate_fast" name="test_migrate_ring_many_matches_the_scalar" time="0.432" /><testcase classname="tests.test_ghost_removal_figure" name="test_the_trail_strip_holds_nothing_static" time="0.003" /><testcase classname="tests.test_ghost_removal_figure" name="test_the_strip_excludes_the_car_itself" time="0.001" /><testcase classname="tests.test_ghost_removal_figure" name="test_the_strip_is_only_the_lane" time="0.001" /><testcase classname="tests.test_ghost_removal_figure" name="test_nothing_before_the_car_started_counts" time="0.001" /><testcase classname="tests.test_gpu_compat" name="test_take_clip_matches_numpy_for_in_range_indices[numpy]" time="0.001" /><testcase classname="tests.test_gpu_compat" name="test_take_clip_matches_numpy_for_in_range_indices[cupy]" time="0.001"><skipped type="pytest.skip" message="cupy unavailable: No module named 'cupy'">/home/ashin/Hackathon/SIH/legacy-reference/tests/test_gpu_compat.py:54: cupy unavailable: No module named 'cupy'</skipped></testcase><testcase classname="tests.test_gpu_compat" name="test_take_clip_out_of_range_diverges_and_that_is_documented" time="0.001"><skipped type="pytest.skip" message="cupy unavailable: No module named 'cupy'">/home/ashin/Hackathon/SIH/legacy-reference/tests/test_gpu_compat.py:35: cupy unavailable: No module named 'cupy'</skipped></testcase><testcase classname="tests.test_gpu_compat" name="test_sort_inplace_gives_a_total_order[numpy]" time="0.001" /><testcase classname="tests.test_gpu_compat" name="test_sort_inplace_gives_a_total_order[cupy]" time="0.001"><skipped type="pytest.skip" message="cupy unavailable: No module named 'cupy'">/home/ashin/Hackathon/SIH/legacy-reference/tests/test_gpu_compat.py:80: cupy unavailable: No module named 'cupy'</skipped></testcase><testcase classname="tests.test_gpu_compat" name="test_subtract_where_only_touches_masked_lanes[numpy]" time="0.001" /><testcase classname="tests.test_gpu_compat" name="test_subtract_where_only_touches_masked_lanes[cupy]" time="0.001"><skipped type="pytest.skip" message="cupy unavailable: No module named 'cupy'">/home/ashin/Hackathon/SIH/legacy-reference/tests/test_gpu_compat.py:86: cupy unavailable: No module named 'cupy'</skipped></testcase><testcase classname="tests.test_gpu_compat" name="test_segment_min_matches_minimum_reduceat[numpy]" time="0.001" /><testcase classname="tests.test_gpu_compat" name="test_segment_min_matches_minimum_reduceat[cupy]" time="0.001"><skipped type="pytest.skip" message="cupy unavailable: No module named 'cupy'">/home/ashin/Hackathon/SIH/legacy-reference/tests/test_gpu_compat.py:96: cupy unavailable: No module named 'cupy'</skipped></testcase><testcase classname="tests.test_gpu_compat" name="test_segment_min_is_bit_identical_to_numpy_at_frame_scale[numpy]" time="0.004" /><testcase classname="tests.test_gpu_compat" name="test_segment_min_is_bit_identical_to_numpy_at_frame_scale[cupy]" time="0.001"><skipped type="pytest.skip" message="cupy unavailable: No module named 'cupy'">/home/ashin/Hackathon/SIH/legacy-reference/tests/test_gpu_compat.py:108: cupy unavailable: No module named 'cupy'</skipped></testcase><testcase classname="tests.test_gpu_compat" name="test_segment_min_is_order_independent_on_device" time="0.001"><skipped type="pytest.skip" message="cupy unavailable: No module named 'cupy'">/home/ashin/Hackathon/SIH/legacy-reference/tests/test_gpu_compat.py:35: cupy unavailable: No module named 'cupy'</skipped></testcase><testcase classname="tests.test_gpu_stats" name="test_parses_the_line_nvidia_smi_prints" time="0.001" /><testcase classname="tests.test_gpu_stats" name="test_anything_else_is_no_reading_rather_than_an_error[]" time="0.001" /><testcase classname="tests.test_gpu_stats" name="test_anything_else_is_no_reading_rather_than_an_error[garbage]" time="0.001" /><testcase classname="tests.test_gpu_stats" name="test_anything_else_is_no_reading_rather_than_an_error[name, not-a-number, 1, 2]" time="0.001" /><testcase classname="tests.test_gpu_stats" name="test_anything_else_is_no_reading_rather_than_an_error[a, 1, 2]" time="0.001" /><testcase classname="tests.test_gpu_stats" name="test_the_first_good_line_wins_on_a_multi_gpu_machine" time="0.002" /><testcase classname="tests.test_gpu_stats" name="test_zero_total_memory_does_not_divide_by_zero" time="0.001" /><testcase classname="tests.test_gpu_stats" name="test_no_nvidia_smi_means_no_readings_and_no_crash" time="0.003" /><testcase classname="tests.test_gpu_stats" name="test_an_empty_exe_path_starts_no_thread" time="0.002" /><testcase classname="tests.test_ground" name="test_ground_from_semantics_picks_the_ground_classes" time="0.002" /><testcase classname="tests.test_ground" name="test_ground_classes_are_the_walkable_surfaces" time="0.001" /><testcase classname="tests.test_ground" name="test_ground_from_semantics_shape_and_dtype" time="0.001" /><testcase classname="tests.test_ground" name="test_or_fallback_reports_which_method_ran" time="0.002" /><testcase classname="tests.test_ground" name="test_or_fallback_warns_loudly_once_when_patchworkpp_is_missing" time="0.001" /><testcase classname="tests.test_ground" name="test_or_fallback_deliberate_opt_out_is_still_flagged" time="0.001" /><testcase classname="tests.test_ground" name="test_segment_ground_returns_index_aligned_bool_mask" time="0.002" /><testcase classname="tests.test_ground" name="test_patchworkpp_split_agrees_with_semantic_classes" time="0.000"><skipped type="pytest.skip" message="KITTI sequence 00 not present">/home/ashin/Hackathon/SIH/legacy-reference/tests/test_ground.py:109: KITTI sequence 00 not present</skipped></testcase><testcase classname="tests.test_ground" name="test_reset_estimator_drops_the_shared_patchworkpp_state" time="0.006" /><testcase classname="tests.test_ground" name="test_runs_with_a_reset_between_them_segment_identically" time="0.020" /><testcase classname="tests.test_instances" name="test_two_separated_blobs_become_two_instances" time="0.010" /><testcase classname="tests.test_instances" name="test_a_range_gap_splits_one_patch_in_two" time="0.008" /><testcase classname="tests.test_instances" name="test_one_patch_within_tolerance_stays_one_instance" time="0.011" /><testcase classname="tests.test_instances" name="test_clusters_wrap_across_the_azimuth_seam" time="0.027" /><testcase classname="tests.test_instances" name="test_no_moving_points_gives_no_instances" time="0.002" /><testcase classname="tests.test_instances" name="test_sub_threshold_specks_are_dropped" time="0.009" /><testcase classname="tests.test_instances" name="test_seq07_frame30_splits_the_two_pedestrians" time="0.000"><skipped type="pytest.skip" message="KITTI seq 07 not present -- set HISTORICAL_REFERENCE_DATA_ROOT">/home/ashin/Hackathon/SIH/legacy-reference/tests/test_instances.py:124: KITTI seq 07 not present -- set HISTORICAL_REFERENCE_DATA_ROOT</skipped></testcase><testcase classname="tests.test_instances" name="test_seq07_frame628_splits_pedestrian_from_the_large_vehicle" time="0.000"><skipped type="pytest.skip" message="KITTI seq 07 not present -- set HISTORICAL_REFERENCE_DATA_ROOT">/home/ashin/Hackathon/SIH/legacy-reference/tests/test_instances.py:146: KITTI seq 07 not present -- set HISTORICAL_REFERENCE_DATA_ROOT</skipped></testcase><testcase classname="tests.test_instances" name="test_seq00_frame10_recovers_the_motorcyclist" time="0.000"><skipped type="pytest.skip" message="KITTI seq 00 not present -- set HISTORICAL_REFERENCE_DATA_ROOT">/home/ashin/Hackathon/SIH/legacy-reference/tests/test_instances.py:161: KITTI seq 00 not present -- set HISTORICAL_REFERENCE_DATA_ROOT</skipped></testcase><testcase classname="tests.test_kernels" name="test_variance_reproduces_the_published_sigmas" time="0.002" /><testcase classname="tests.test_kernels" name="test_variance_grows_quadratically_at_range" time="0.001" /><testcase classname="tests.test_kernels" name="test_grazing_incidence_inflates_variance" time="0.001" /><testcase classname="tests.test_kernels" name="test_weights_are_integers_and_never_zero" time="0.001" /><testcase classname="tests.test_kernels" name="test_heights_clamp_to_the_vertical_extent" time="0.001" /><testcase classname="tests.test_kernels" name="test_the_band_is_the_one_the_schedules_declare" time="0.006" /><testcase classname="tests.test_kernels" name="test_hand_worked_aggregate" time="0.001" /><testcase classname="tests.test_kernels" name="test_negative_indices_are_dropped_not_folded_into_cell_zero" time="0.001" /><testcase classname="tests.test_kernels" name="test_ceiling_is_the_lowest_non_ground_return" time="0.001" /><testcase classname="tests.test_kernels" name="test_weighted_mean_favours_the_near_return" time="0.001" /><testcase classname="tests.test_kernels" name="test_mean_of_empty_scan_does_not_divide_by_zero" time="0.001" /><testcase classname="tests.test_kernels" name="test_class_ids_must_fit_the_packed_key" time="0.001" /><testcase classname="tests.test_kernels" name="test_mismatched_input_lengths_are_rejected" time="0.001" /><testcase classname="tests.test_kernels" name="test_gather_buffers_match_the_width_of_the_column_they_gather[z_cm-int16]" time="0.001" /><testcase classname="tests.test_kernels" name="test_gather_buffers_match_the_width_of_the_column_they_gather[w_q-int32]" time="0.001" /><testcase classname="tests.test_kernels" name="test_gather_buffers_match_the_width_of_the_column_they_gather[refl-int32]" time="0.001" /><testcase classname="tests.test_kernels" name="test_gather_buffers_match_the_width_of_the_column_they_gather[is_ground-bool]" time="0.001" /><testcase classname="tests.test_kernels" name="test_the_weight_height_product_is_accumulated_in_64_bits" time="0.001" /><testcase classname="tests.test_kernels" name="test_a_column_in_the_wrong_width_is_converted_not_refused" time="0.001" /><testcase classname="tests.test_kernels" name="test_sorted_and_atomic_paths_agree_field_for_field" time="0.028" /><testcase classname="tests.test_kernels" name="test_scratch_cost_is_reported_for_both_paths" time="0.001" /><testcase classname="tests.test_kernels" name="test_scatter_with_scratch_allocates_a_small_bounded_amount" time="0.029" /><testcase classname="tests.test_kernels" name="test_dropping_the_scratch_is_caught_by_the_profiler" time="0.046" /><testcase classname="tests.test_kernels" name="test_per_frame_allocation_does_not_grow_with_the_grid" time="0.031" /><testcase classname="tests.test_kernels" name="test_scratch_arrays_are_reused_not_replaced" time="0.083" /><testcase classname="tests.test_kernels" name="test_too_many_points_is_refused_rather_than_reallocated" time="0.002" /><testcase classname="tests.test_kernels" name="test_aggregate_is_a_view_into_the_scratch" time="0.003" /><testcase classname="tests.test_kernels" name="test_a_cell_with_no_ground_return_has_no_height_evidence" time="0.001" /><testcase classname="tests.test_kernels" name="test_ground_evidence_is_per_cell_not_per_frame" time="0.001" /><testcase classname="tests.test_kernels" name="test_the_ground_mask_does_not_split_the_two_paths" time="0.003" /><testcase classname="tests.test_kernels" name="test_the_weighted_mean_rounds_symmetrically_about_zero" time="0.001" /><testcase classname="tests.test_kernels" name="test_the_mean_is_a_mirror_image_across_zero[250-3]" time="0.001" /><testcase classname="tests.test_kernels" name="test_the_mean_is_a_mirror_image_across_zero[150-2]" time="0.001" /><testcase classname="tests.test_kernels" name="test_the_mean_is_a_mirror_image_across_zero[100-1]" time="0.001" /><testcase classname="tests.test_kernels" name="test_the_mean_is_a_mirror_image_across_zero[50-1]" time="0.001" /><testcase classname="tests.test_kernels" name="test_the_mean_is_a_mirror_image_across_zero[49-0]" time="0.001" /><testcase classname="tests.test_kernels" name="test_the_mean_is_a_mirror_image_across_zero[-250--3]" time="0.001" /><testcase classname="tests.test_kernels" name="test_the_mean_is_a_mirror_image_across_zero[-150--2]" time="0.001" /><testcase classname="tests.test_kernels" name="test_the_mean_is_a_mirror_image_across_zero[-100--1]" time="0.002" /><testcase classname="tests.test_kernels" name="test_the_mean_is_a_mirror_image_across_zero[-50--1]" time="0.001" /><testcase classname="tests.test_kernels" name="test_the_mean_is_a_mirror_image_across_zero[-49-0]" time="0.001" /><testcase classname="tests.test_kernels" name="test_the_weight_ceiling_is_never_reachable" time="0.007" /><testcase classname="tests.test_kernels" name="test_a_whole_frame_in_one_cell_does_not_overflow_int32" time="0.007" /><testcase classname="tests.test_kernels" name="test_scatter_sorted_on_device_is_bit_identical_to_cpu" time="0.002"><skipped type="pytest.skip" message="cupy unavailable: No module named 'cupy'">/home/ashin/Hackathon/SIH/legacy-reference/tests/test_kernels.py:554: cupy unavailable: No module named 'cupy'</skipped></testcase><testcase classname="tests.test_kernels" name="test_scatter_sorted_is_reproducible_on_device" time="0.001"><skipped type="pytest.skip" message="cupy unavailable: No module named 'cupy'">/home/ashin/Hackathon/SIH/legacy-reference/tests/test_kernels.py:554: cupy unavailable: No module named 'cupy'</skipped></testcase><testcase classname="tests.test_lattice" name="test_nested_floor_identity" time="5.025" /><testcase classname="tests.test_lattice" name="test_partition_one_cell_per_ring_per_point[5/10/20/40]" time="1.298" /><testcase classname="tests.test_lattice" name="test_partition_one_cell_per_ring_per_point[5/10/50]" time="0.968" /><testcase classname="tests.test_lattice" name="test_direct_float_lattice_disagrees_at_ring_boundaries" time="0.795" /><testcase classname="tests.test_lattice" name="test_no_gap_at_ring_boundary" time="0.033" /><testcase classname="tests.test_lattice" name="test_floor_not_truncation_at_the_origin" time="0.004" /><testcase classname="tests.test_lattice" name="test_scalar_and_vectorised_paths_agree" time="0.068" /><testcase classname="tests.test_lattice" name="test_i_ring_rejects_non_integer_k" time="0.002" /><testcase classname="tests.test_lattice" name="test_ring_of_isotropic_boundaries" time="0.005" /><testcase classname="tests.test_lattice" name="test_point_beyond_the_last_ring_is_outside_not_ring_zero" time="0.005" /><testcase classname="tests.test_lattice" name="test_anisotropy_changes_ring_membership_only" time="0.011" /><testcase classname="tests.test_lattice" name="test_rear_resolution_floor" time="0.034" /><testcase classname="tests.test_lattice" name="test_rear_floor_never_pulls_a_point_into_a_ring_too_small_for_it" time="3.044" /><testcase classname="tests.test_lattice" name="test_hysteresis_bounds_ring_thrash" time="0.089" /><testcase classname="tests.test_lattice" name="test_toroidal_shift_round_trip_is_bit_exact" time="0.388" /><testcase classname="tests.test_lattice" name="test_toroidal_shift_only_ever_loses_the_exposed_strip" time="0.052" /><testcase classname="tests.test_lattice" name="test_a_shift_in_x_clears_a_column_and_a_shift_in_y_clears_a_row" time="0.009" /><testcase classname="tests.test_lattice" name="test_a_shifted_strip_comes_back_empty_not_zeroed" time="0.005" /><testcase classname="tests.test_lattice" name="test_toroidal_shift_is_o_perimeter_not_o_area" time="0.005" /><testcase classname="tests.test_lattice" name="test_finer_rings_shift_by_whole_cells" time="0.005" /><testcase classname="tests.test_lattice" name="test_allocated_cells_exceed_the_annulus_count" time="0.004" /><testcase classname="tests.test_lattice" name="test_no_cell_footprint_contains_another_under_foveation[5/10/20/40]" time="19.736" /><testcase classname="tests.test_lattice" name="test_no_cell_footprint_contains_another_under_foveation[5/10/50]" time="4.743" /><testcase classname="tests.test_lattice" name="test_every_return_inside_the_map_is_binned[5/10/20/40]" time="0.358" /><testcase classname="tests.test_lattice" name="test_every_return_inside_the_map_is_binned[5/10/50]" time="0.323" /><testcase classname="tests.test_loader_path" name="test_the_real_loader_reads_the_fixture" time="0.899" /><testcase classname="tests.test_loader_path" name="test_the_pose_puts_the_vehicle_where_it_was_asked_to" time="0.878" /><testcase classname="tests.test_loader_path" name="test_the_ground_lands_on_the_surface_it_was_generated_from" time="0.860" /><testcase classname="tests.test_loader_path" name="test_every_return_is_inside_the_sensor_fov" time="0.912" /><testcase classname="tests.test_loader_path" name="test_the_whole_pipeline_runs_a_sequence" time="1.225" /><testcase classname="tests.test_loader_path" name="test_a_realistic_label_set_fuses_without_clipping" time="0.968" /><testcase classname="tests.test_loader_path" name="test_one_timer_covers_the_whole_frame" time="1.231" /><testcase classname="tests.test_loader_path" name="test_the_moving_car_actually_moves_in_the_world" time="0.996" /><testcase classname="tests.test_loader_path" name="test_pose_source_defaults_per_sequence" time="0.001" /><testcase classname="tests.test_loader_path" name="test_the_pose_source_can_be_forced" time="0.001" /><testcase classname="tests.test_loader_path" name="test_only_08_needs_the_slam_poses" time="0.001" /><testcase classname="tests.test_memory_crowd" name="test_the_crowd_is_actually_a_crowd" time="1.426" /><testcase classname="tests.test_memory_crowd" name="test_every_cap_holds_under_the_crowd" time="0.775" /><testcase classname="tests.test_memory_crowd" name="test_the_frame_loop_does_not_grow_with_the_crowd" time="2.519" /><testcase classname="tests.test_memory_crowd" name="test_the_pool_refuses_rather_than_grows" time="0.774" /><testcase classname="tests.test_memory_crowd" name="test_the_declared_bound_is_the_measured_one" time="0.781" /><testcase classname="tests.test_metrics" name="test_rmse_is_zero_when_the_map_holds_the_reference_mean" time="3.971" /><testcase classname="tests.test_metrics" name="test_rmse_grows_with_the_error_written_in" time="1.829" /><testcase classname="tests.test_metrics" name="test_a_ring_is_scored_only_where_it_still_answers" time="1.059" /><testcase classname="tests.test_metrics" name="test_the_scored_set_is_the_set_query_routes_to" time="0.223" /><testcase classname="tests.test_metrics" name="test_cell_centres_agree_with_the_frame_path" time="0.019" /><testcase classname="tests.test_metrics" name="test_a_single_ring_schedule_gives_up_nothing_to_the_band_filter" time="1.047" /><testcase classname="tests.test_metrics" name="test_a_ring_nobody_drove_through_reports_nan_not_zero" time="0.325" /><testcase classname="tests.test_metrics" name="test_the_bias_variance_decomposition_holds" time="0.306" /><testcase classname="tests.test_metrics" name="test_rho_is_one_when_the_estimate_is_unbiased" time="0.619" /><testcase classname="tests.test_metrics" name="test_rho_rises_when_the_estimate_is_biased_beyond_the_terrain" time="0.633" /><testcase classname="tests.test_metrics" name="test_single_observation_footprints_are_excluded_from_rho" time="0.310" /><testcase classname="tests.test_metrics" name="test_iou_not_accuracy" time="0.544" /><testcase classname="tests.test_metrics" name="test_fill_rate_rises_with_frames_not_with_a_single_geometry" time="5.888" /><testcase classname="tests.test_metrics" name="test_coverage_says_how_little_of_a_coarse_footprint_M_star_saw" time="0.305" /><testcase classname="tests.test_metrics" name="test_the_sign_of_the_band_filter_follows_the_terrain_not_the_code" time="4.445" /><testcase classname="tests.test_metrics" name="test_dynamic_removal_reports_both_directions" time="0.001" /><testcase classname="tests.test_metrics" name="test_memory_defers_to_the_allocator" time="0.001" /><testcase classname="tests.test_metrics" name="test_the_table_renders_every_ring_and_hides_nothing" time="1.483" /><testcase classname="tests.test_metrics" name="test_the_ablation_compares_schedules_against_one_reference" time="2.338" /><testcase classname="tests.test_metrics" name="test_the_synthetic_pipeline_recovers_the_surface_it_was_given" time="1.452" /><testcase classname="tests.test_metrics" name="test_query_agrees_with_the_surface_after_a_run" time="0.002" /><testcase classname="tests.test_plan_query_survey" name="test_each_soft_weight_lands_in_its_own_bucket" time="0.020" /><testcase classname="tests.test_plan_query_survey" name="test_two_bits_on_one_cell_are_counted_under_both" time="0.001" /><testcase classname="tests.test_plan_query_survey" name="test_infinite_cost_is_impassable_and_never_a_soft_bit" time="0.002" /><testcase classname="tests.test_plan_query_survey" name="test_observed_but_below_n_min_is_counted_though_unknown_is_false" time="0.001" /><testcase classname="tests.test_plan_query_survey" name="test_unobserved_cells_are_reported_separately_from_the_weight" time="0.001" /><testcase classname="tests.test_plan_query_survey" name="test_a_cost_that_is_not_a_subset_sum_raises_rather_than_miscounts" time="0.002" /><testcase classname="tests.test_plan_query_survey" name="test_weights_without_distinct_subset_sums_are_refused" time="0.001" /><testcase classname="tests.test_plan_regret" name="test_regret_is_never_negative" time="1.025" /><testcase classname="tests.test_plan_regret" name="test_identical_maps_have_exactly_zero_regret" time="0.004" /><testcase classname="tests.test_plan_regret" name="test_a_gap_narrower_than_the_cell_costs_the_plan" time="0.014" /><testcase classname="tests.test_plan_regret" name="test_scoring_on_the_compressed_map_hides_the_damage" time="0.009" /><testcase classname="tests.test_plan_regret" name="test_frechet_catches_a_detour_that_costs_the_same" time="0.010" /><testcase classname="tests.test_plan_regret" name="test_planning_through_a_wall_is_flagged_not_just_expensive" time="0.016" /><testcase classname="tests.test_plan_regret" name="test_astar_is_optimal_because_the_theorem_depends_on_it" time="0.371" /><testcase classname="tests.test_plan_regret" name="test_path_cost_reproduces_the_planner_on_its_own_map" time="0.003" /><testcase classname="tests.test_plan_regret" name="test_the_planner_is_deterministic" time="0.003" /><testcase classname="tests.test_plan_regret" name="test_impassable_is_geometry_only" time="0.001" /><testcase classname="tests.test_plan_regret" name="test_unknown_is_passable_here_and_the_fraction_is_reported" time="0.012" /><testcase classname="tests.test_plan_regret" name="test_costmaps_must_share_a_lattice" time="0.001" /><testcase classname="tests.test_plan_regret" name="test_corridor_is_a_connected_band_containing_the_optimal_path" time="0.058" /><testcase classname="tests.test_plan_regret" name="test_a_wider_tau_can_only_widen_the_corridor" time="0.118" /><testcase classname="tests.test_plan_regret" name="test_cells_outside_the_corridor_cannot_change_the_plan" time="0.055" /><testcase classname="tests.test_plan_regret" name="test_regret_runs_end_to_end_through_the_query_api" time="8.109" /><testcase classname="tests.test_plan_regret" name="test_the_reference_evaluates_bit_4_like_the_map_does" time="0.002" /><testcase classname="tests.test_plan_regret" name="test_one_lattice_jog_is_the_smallest_regret_that_can_be_reported" time="0.001" /><testcase classname="tests.test_plan_regret" name="test_a_footprint_height_is_weighted_by_area_not_by_returns" time="0.011" /><testcase classname="tests.test_pool" name="test_priority_is_not_the_literal_product_of_its_names" time="0.001" /><testcase classname="tests.test_pool" name="test_acquire_release_and_lookup" time="0.005" /><testcase classname="tests.test_pool" name="test_eviction_takes_the_least_important_block_and_only_if_it_loses" time="0.005" /><testcase classname="tests.test_pool" name="test_a_reused_block_does_not_inherit_the_last_tenant_s_cells" time="0.004" /><testcase classname="tests.test_pool" name="test_release_overtaken_frees_what_the_schedule_now_provides" time="0.004" /><testcase classname="tests.test_pool" name="test_release_overtaken_keeps_blocks_that_still_buy_something" time="0.004" /><testcase classname="tests.test_pool" name="test_sixteen_cells_per_block_cannot_hold_one_level_of_the_ablation" time="0.006" /><testcase classname="tests.test_pool" name="test_ring_zero_cannot_be_refined" time="0.004" /><testcase classname="tests.test_pool" name="test_pool_is_fixed_at_98_kb_and_never_grows" time="1.005" /><testcase classname="tests.test_pyramid" name="test_levels_halve_by_ceiling_all_the_way_to_one_node" time="0.002" /><testcase classname="tests.test_pyramid" name="test_a_floor_would_have_dropped_the_map_edge" time="0.093" /><testcase classname="tests.test_pyramid" name="test_blocks_at_a_level_partition_the_window" time="0.003" /><testcase classname="tests.test_pyramid" name="test_the_reductions_are_max_min_and_or_over_the_block" time="0.003" /><testcase classname="tests.test_pyramid" name="test_means_are_not_used_because_a_kerb_would_vanish" time="0.001" /><testcase classname="tests.test_pyramid" name="test_level_zero_is_the_grid_itself_not_a_copy" time="0.001" /><testcase classname="tests.test_pyramid" name="test_a_pyramid_cannot_be_reused_across_schedules" time="0.001" /><testcase classname="tests.test_pyramid" name="test_theorem3_has_no_false_negatives" time="0.215" /><testcase classname="tests.test_pyramid" name="test_theorem3_is_not_vacuous" time="0.002" /><testcase classname="tests.test_pyramid" name="test_one_bad_cell_denies_the_whole_block[obs_count-1-n below n_min must fail bit 5]" time="0.002" /><testcase classname="tests.test_pyramid" name="test_one_bad_cell_denies_the_whole_block[ceiling_height-100-0.95 m of clearance must fail bit 0]" time="0.002" /><testcase classname="tests.test_pyramid" name="test_one_bad_cell_denies_the_whole_block[ground_height-100-a 95 cm step must fail bit 2]" time="0.001" /><testcase classname="tests.test_pyramid" name="test_an_unseen_ceiling_does_not_wrap_into_a_low_one" time="0.001" /><testcase classname="tests.test_pyramid" name="test_all_clear_is_strictly_stronger_than_theorem_three" time="0.001" /><testcase classname="tests.test_pyramid" name="test_safe_and_blocked_cannot_both_fire" time="0.015" /><testcase classname="tests.test_pyramid" name="test_certainly_blocked_needs_a_COMMON_reason" time="0.002" /><testcase classname="tests.test_pyramid" name="test_classify_returns_the_frozen_enum" time="0.001" /><testcase classname="tests.test_pyramid" name="test_the_pyramid_costs_a_third_of_the_map_per_node_byte" time="0.004" /><testcase classname="tests.test_pyramid" name="test_the_measured_cost_is_the_one_in_the_budget" time="0.012" /><testcase classname="tests.test_pyramid" name="test_the_pyramid_is_off_unless_asked_for" time="0.017" /><testcase classname="tests.test_pyramid" name="test_rebuilding_gives_a_bit_identical_pyramid" time="0.002" /><testcase classname="tests.test_pyramid" name="test_a_stale_buffer_is_fully_overwritten" time="0.002" /><testcase classname="tests.test_pyramid" name="test_build_allocates_nothing_per_frame" time="0.051" /><testcase classname="tests.test_query" name="test_window_cells_inverts_the_toroidal_slot" time="0.010" /><testcase classname="tests.test_query" name="test_the_caller_never_learns_which_ring_served_it" time="0.009" /><testcase classname="tests.test_query" name="test_heights_come_back_in_metres" time="0.009" /><testcase classname="tests.test_query" name="test_out_of_map_is_unknown_and_not_traversable" time="0.008" /><testcase classname="tests.test_query" name="test_unknown_is_not_free_and_not_traversable" time="0.009" /><testcase classname="tests.test_query" name="test_is_traversable_requires_every_bit_clear" time="0.011" /><testcase classname="tests.test_query" name="test_transient_layer_wins_occupancy_and_marks_it_dynamic" time="0.009" /><testcase classname="tests.test_query" name="test_a_dynamic_cell_is_not_traversable_even_with_a_clear_bitfield" time="0.009" /><testcase classname="tests.test_query" name="test_a_refined_cell_is_served_from_the_pool" time="0.008" /><testcase classname="tests.test_query" name="test_queries_inside_one_parent_reach_different_children" time="0.009" /><testcase classname="tests.test_query" name="test_bind_serves_the_frozen_signature" time="0.008" /><testcase classname="tests.test_query" name="test_query_is_free_of_the_frozen_api_s_state_by_default" time="0.007" /><testcase classname="tests.test_query" name="test_occupied_and_free_are_distinguished" time="0.008" /><testcase classname="tests.test_query" name="test_query_finds_observed_cells_after_the_map_has_moved" time="1.503" /><testcase classname="tests.test_range_image" name="test_inverse_index_is_byte_exact_reversible" time="0.000"><skipped type="pytest.skip" message="KITTI sequence 00 not present -- set HISTORICAL_REFERENCE_DATA_ROOT">/home/ashin/Hackathon/SIH/legacy-reference/tests/test_range_image.py:52: KITTI sequence 00 not present -- set HISTORICAL_REFERENCE_DATA_ROOT</skipped></testcase><testcase classname="tests.test_range_image" name="test_closest_point_wins_per_pixel" time="0.000"><skipped type="pytest.skip" message="KITTI sequence 00 not present -- set HISTORICAL_REFERENCE_DATA_ROOT">/home/ashin/Hackathon/SIH/legacy-reference/tests/test_range_image.py:78: KITTI sequence 00 not present -- set HISTORICAL_REFERENCE_DATA_ROOT</skipped></testcase><testcase classname="tests.test_range_image" name="test_bin_widths_derived_from_fov_and_size" time="0.002" /><testcase classname="tests.test_range_image" name="test_known_bearings_land_in_expected_pixels" time="0.003" /><testcase classname="tests.test_range_image" name="test_full_azimuth_sweep_drops_nothing" time="0.002" /><testcase classname="tests.test_range_image" name="test_azimuth_wraps_at_plus_pi" time="0.002" /><testcase classname="tests.test_range_image" name="test_out_of_fov_points_are_clamped_not_dropped" time="0.002" /><testcase classname="tests.test_range_image" name="test_out_of_fov_warning_only_above_threshold" time="0.002" /><testcase classname="tests.test_range_image" name="test_real_scan_out_of_fov_fraction_is_small" time="0.000"><skipped type="pytest.skip" message="KITTI sequence 00 not present -- set HISTORICAL_REFERENCE_DATA_ROOT">/home/ashin/Hackathon/SIH/legacy-reference/tests/test_range_image.py:193: KITTI sequence 00 not present -- set HISTORICAL_REFERENCE_DATA_ROOT</skipped></testcase><testcase classname="tests.test_range_image" name="test_sensor_config_is_parsed_once_and_copied_per_caller" time="0.004" /><testcase classname="tests.test_range_image" name="test_point_bins_match_project" time="0.015" /><testcase classname="tests.test_reference_map" name="test_the_surface_is_a_surface_not_a_sample" time="0.002" /><testcase classname="tests.test_reference_map" name="test_the_surface_has_the_features_the_metrics_are_meant_to_catch" time="0.001" /><testcase classname="tests.test_reference_map" name="test_the_scan_has_the_sampling_geometry_the_rings_are_derived_from" time="0.171" /><testcase classname="tests.test_reference_map" name="test_moving_points_are_stripped" time="0.002" /><testcase classname="tests.test_reference_map" name="test_reference_is_on_the_base_lattice_and_matches_the_surface" time="1.024" /><testcase classname="tests.test_reference_map" name="test_a_uniform_5cm_grid_over_this_scene_is_almost_entirely_empty" time="0.233" /><testcase classname="tests.test_reference_map" name="test_reference_knows_nothing_about_schedules" time="0.002" /><testcase classname="tests.test_reference_map" name="test_block_stats_matches_a_brute_force_reduction" time="3.072" /><testcase classname="tests.test_reference_map" name="test_block_stats_clips_at_the_edge_rather_than_wrapping" time="0.002" /><testcase classname="tests.test_reference_map" name="test_save_and_load_round_trip" time="2.346" /><testcase classname="tests.test_reference_map" name="test_an_empty_sequence_is_an_error_not_an_empty_map" time="0.002" /><testcase classname="tests.test_reference_map" name="test_poses_are_applied_so_the_map_is_world_anchored" time="0.268" /><testcase classname="tests.test_reference_map" name="test_one_definition_of_moving" time="0.002" /><testcase classname="tests.test_reference_map" name="test_build_reads_a_sequence_through_the_real_loader" time="1.023" /><testcase classname="tests.test_reference_map" name="test_build_refuses_a_camera_convention_pose" time="1.406" /><testcase classname="tests.test_reference_map" name="test_build_can_stop_early" time="1.590" /><testcase classname="tests.test_reference_map" name="test_sparse_block_stats_matches_the_dense_reference" time="0.113" /><testcase classname="tests.test_reference_map" name="test_ring_observations_rebuild_m_star_exactly" time="1.403" /><testcase classname="tests.test_reference_map" name="test_the_packed_key_round_trips_negative_and_far_indices" time="0.002" /><testcase classname="tests.test_reference_map" name="test_an_empty_ring_reference_scores_nothing" time="0.002" /><testcase classname="tests.test_reference_map" name="test_ring_observations_credit_each_return_to_the_ring_that_binned_it" time="0.136" /><testcase classname="tests.test_reference_map" name="test_ring_zero_has_a_rho" time="1.948" /><testcase classname="tests.test_reference_map" name="test_a_banded_reference_leaves_out_exactly_what_the_map_cannot_hold" time="1.110" /><testcase classname="tests.test_reference_map" name="test_class_is_the_majority_of_all_static_returns_height_is_ground_only" time="0.007" /><testcase classname="tests.test_reflectivity" name="test_incidence_cos_matches_analytic_plane_normal[0.0-0.0--2.0]" time="0.009" /><testcase classname="tests.test_reflectivity" name="test_incidence_cos_matches_analytic_plane_normal[0.3-0.1--2.0]" time="0.009" /><testcase classname="tests.test_reflectivity" name="test_incidence_cos_matches_analytic_plane_normal[-0.2-0.4--1.5]" time="0.009" /><testcase classname="tests.test_reflectivity" name="test_head_on_surface_has_cos_inc_near_one" time="0.009" /><testcase classname="tests.test_reflectivity" name="test_kitti_path_is_the_intensity_byte" time="0.009" /><testcase classname="tests.test_reflectivity" name="test_raw_power_path_is_eq31_verbatim" time="0.009" /><testcase classname="tests.test_reflectivity" name="test_raw_power_grazing_is_clamped_flagged_and_finite" time="0.009" /><testcase classname="tests.test_reflectivity" name="test_empty_and_edge_pixels_get_no_normal_and_zero_rho" time="0.009" /><testcase classname="tests.test_reflectivity" name="test_output_contract" time="0.009" /><testcase classname="tests.test_reflectivity" name="test_lane_marking_reflectivity_separates_from_road" time="0.000"><skipped type="pytest.skip" message="KITTI seq 00 not present -- set HISTORICAL_REFERENCE_DATA_ROOT">/home/ashin/Hackathon/SIH/legacy-reference/tests/test_reflectivity.py:159: KITTI seq 00 not present -- set HISTORICAL_REFERENCE_DATA_ROOT</skipped></testcase><testcase classname="tests.test_reflectivity" name="test_no_ring_saturates_the_reflectivity_byte" time="0.000"><skipped type="pytest.skip" message="KITTI seq 00 not present -- set HISTORICAL_REFERENCE_DATA_ROOT">/home/ashin/Hackathon/SIH/legacy-reference/tests/test_reflectivity.py:182: KITTI seq 00 not present -- set HISTORICAL_REFERENCE_DATA_ROOT</skipped></testcase><testcase classname="tests.test_reflectivity" name="test_scatter_to_points_round_trips" time="0.000"><skipped type="pytest.skip" message="KITTI seq 00 not present -- set HISTORICAL_REFERENCE_DATA_ROOT">/home/ashin/Hackathon/SIH/legacy-reference/tests/test_reflectivity.py:207: KITTI seq 00 not present -- set HISTORICAL_REFERENCE_DATA_ROOT</skipped></testcase><testcase classname="tests.test_regret_lattice" name="test_the_diagnostic_reads_the_array_the_cost_function_charges" time="16.882" /><testcase classname="tests.test_regret_lattice" name="test_a_fine_schedule_is_not_handicapped_for_being_fine" time="0.001" /><testcase classname="tests.test_regret_lattice" name="test_the_two_sides_agree_about_where_the_walls_are" time="0.001" /><testcase classname="tests.test_regret_lattice" name="test_the_scene_actually_contains_walls" time="0.001" /><testcase classname="tests.test_regret_lattice" name="test_a_coarse_uniform_grid_loses_hazard_depth_not_the_hazard" time="0.001" /><testcase classname="tests.test_regret_lattice" name="test_the_predicate_is_the_same_on_both_sides" time="0.001" /><testcase classname="tests.test_regret_plot" name="test_a_curve_that_matches_the_claim_is_reported_monotone" time="0.014" /><testcase classname="tests.test_regret_plot" name="test_flat_zero_is_monotone_but_says_nothing" time="0.001" /><testcase classname="tests.test_regret_plot" name="test_a_coarser_map_scoring_better_is_flagged" time="0.001" /><testcase classname="tests.test_regret_plot" name="test_every_violating_step_is_named" time="0.001" /><testcase classname="tests.test_regret_plot" name="test_missing_regret_is_skipped_not_crashed" time="0.001" /><testcase classname="tests.test_residual_mos" name="test_a_moving_block_raises_a_residual_spike_where_it_moved" time="0.013" /><testcase classname="tests.test_residual_mos" name="test_no_motion_no_mask" time="0.007" /><testcase classname="tests.test_residual_mos" name="test_residual_is_nan_where_not_comparable_and_finite_where_it_is" time="0.007" /><testcase classname="tests.test_residual_mos" name="test_seq07_frame674_recovers_the_fast_vehicle" time="0.000"><skipped type="pytest.skip" message="KITTI seq 07 not present -- set HISTORICAL_REFERENCE_DATA_ROOT">/home/ashin/Hackathon/SIH/legacy-reference/tests/test_residual_mos.py:129: KITTI seq 07 not present -- set HISTORICAL_REFERENCE_DATA_ROOT</skipped></testcase><testcase classname="tests.test_residual_mos" name="test_seq00_frame10_finds_the_motorcyclist_but_at_poor_precision" time="0.000"><skipped type="pytest.skip" message="KITTI seq 00 not present -- set HISTORICAL_REFERENCE_DATA_ROOT">/home/ashin/Hackathon/SIH/legacy-reference/tests/test_residual_mos.py:142: KITTI seq 00 not present -- set HISTORICAL_REFERENCE_DATA_ROOT</skipped></testcase><testcase classname="tests.test_run" name="test_iter_pipeline_yields_aligned_perception_frames" time="0.000"><skipped type="pytest.skip" message="KITTI seq 00 not present -- set HISTORICAL_REFERENCE_DATA_ROOT">/home/ashin/Hackathon/SIH/legacy-reference/tests/test_run.py:18: KITTI seq 00 not present -- set HISTORICAL_REFERENCE_DATA_ROOT</skipped></testcase><testcase classname="tests.test_run" name="test_ground_method_field_reflects_the_no_patchworkpp_flag" time="0.000"><skipped type="pytest.skip" message="KITTI seq 00 not present -- set HISTORICAL_REFERENCE_DATA_ROOT">/home/ashin/Hackathon/SIH/legacy-reference/tests/test_run.py:36: KITTI seq 00 not present -- set HISTORICAL_REFERENCE_DATA_ROOT</skipped></testcase><testcase classname="tests.test_run" name="test_start_frame_skips_ahead_and_index_is_the_real_frame_number" time="0.000"><skipped type="pytest.skip" message="KITTI seq 00 not present -- set HISTORICAL_REFERENCE_DATA_ROOT">/home/ashin/Hackathon/SIH/legacy-reference/tests/test_run.py:42: KITTI seq 00 not present -- set HISTORICAL_REFERENCE_DATA_ROOT</skipped></testcase><testcase classname="tests.test_run" name="test_start_frame_zero_is_unchanged" time="0.000"><skipped type="pytest.skip" message="KITTI seq 00 not present -- set HISTORICAL_REFERENCE_DATA_ROOT">/home/ashin/Hackathon/SIH/legacy-reference/tests/test_run.py:61: KITTI seq 00 not present -- set HISTORICAL_REFERENCE_DATA_ROOT</skipped></testcase><testcase classname="tests.test_run" name="test_world_points_are_a_rigid_transform_of_the_scan" time="0.000"><skipped type="pytest.skip" message="KITTI seq 00 not present -- set HISTORICAL_REFERENCE_DATA_ROOT">/home/ashin/Hackathon/SIH/legacy-reference/tests/test_run.py:69: KITTI seq 00 not present -- set HISTORICAL_REFERENCE_DATA_ROOT</skipped></testcase><testcase classname="tests.test_run" name="test_ground_split_matches_semantics_roughly" time="0.000"><skipped type="pytest.skip" message="KITTI seq 00 not present -- set HISTORICAL_REFERENCE_DATA_ROOT">/home/ashin/Hackathon/SIH/legacy-reference/tests/test_run.py:78: KITTI seq 00 not present -- set HISTORICAL_REFERENCE_DATA_ROOT</skipped></testcase><testcase classname="tests.test_run" name="test_pipeline_view_builds_headless_and_colours" time="0.002"><skipped type="pytest.skip" message="could not import 'rerun': No module named 'rerun'">/home/ashin/Hackathon/SIH/legacy-reference/tests/test_run.py:88: could not import 'rerun': No module named 'rerun'</skipped></testcase><testcase classname="tests.test_schedule" name="test_default_schedule_loads_and_validates" time="0.004" /><testcase classname="tests.test_schedule" name="test_ablation_schedule_loads_and_validates" time="0.003" /><testcase classname="tests.test_schedule" name="test_fifty_is_legal_next_to_ten" time="0.001" /><testcase classname="tests.test_schedule" name="test_fifty_is_rejected_next_to_twenty" time="0.001" /><testcase classname="tests.test_schedule" name="test_cell_must_be_integer_multiple_of_base_lattice" time="0.001" /><testcase classname="tests.test_schedule" name="test_half_widths_must_increase" time="0.001" /><testcase classname="tests.test_schedule" name="test_warns_when_cell_size_diverges_from_sensor_spacing" time="0.001" /><testcase classname="tests.test_semantics" name="test_known_ids_map_to_expected_classes" time="0.001" /><testcase classname="tests.test_semantics" name="test_class_19_and_unmapped_ids_become_minus_one" time="0.001" /><testcase classname="tests.test_semantics" name="test_upper_bits_are_ignored" time="0.001" /><testcase classname="tests.test_semantics" name="test_output_shape_and_dtype" time="0.001" /><testcase classname="tests.test_semantics" name="test_is_moving_flags_only_moving_ids" time="0.001" /><testcase classname="tests.test_semantics" name="test_map_covers_the_19_classes" time="0.001" /><testcase classname="tests.test_semantics" name="test_frnet_entry_points_raise_not_return_garbage" time="0.001" /><testcase classname="tests.test_semantics" name="test_real_frame_distribution_is_sane" time="0.000"><skipped type="pytest.skip" message="SemanticKITTI .label files not present">/home/ashin/Hackathon/SIH/legacy-reference/tests/test_semantics.py:63: SemanticKITTI .label files not present</skipped></testcase><testcase classname="tests.test_semantics" name="test_unlabelled_points_get_a_packable_class_not_255" time="0.001" /><testcase classname="tests.test_semantics" name="test_the_unlabelled_class_is_not_drivable" time="0.001" /><testcase classname="tests.test_semantics" name="test_instance_ids_in_the_upper_word_are_masked_off" time="0.001" /><testcase classname="tests.test_shift" name="test_absolute_cell_keeps_its_slot_across_shifts" time="0.001" /><testcase classname="tests.test_shift" name="test_out_of_view_cells_have_no_slot" time="0.001" /><testcase classname="tests.test_shift" name="test_every_visible_cell_has_a_unique_slot" time="0.001" /><testcase classname="tests.test_shift" name="test_flat_slot_applies_the_ring_offset" time="0.001" /><testcase classname="tests.test_shift" name="test_round_trip_is_bit_exact_for_cells_that_never_left[1]" time="0.002" /><testcase classname="tests.test_shift" name="test_round_trip_is_bit_exact_for_cells_that_never_left[3]" time="0.001" /><testcase classname="tests.test_shift" name="test_round_trip_is_bit_exact_for_cells_that_never_left[7]" time="0.002" /><testcase classname="tests.test_shift" name="test_newly_visible_cells_are_cleared_not_stale" time="0.001" /><testcase classname="tests.test_shift" name="test_fill_values_override_zero" time="0.001" /><testcase classname="tests.test_shift" name="test_shift_touches_a_perimeter_not_an_area" time="0.001" /><testcase classname="tests.test_shift" name="test_cleared_count_matches_the_prediction" time="0.001" /><testcase classname="tests.test_shift" name="test_a_shift_past_the_whole_window_clears_everything" time="0.001" /><testcase classname="tests.test_shift" name="test_zero_shift_clears_nothing" time="0.001" /><testcase classname="tests.test_shift" name="test_columns_and_rows_are_disjoint_from_the_retained_interior" time="0.001" /><testcase classname="tests.test_shift" name="test_negative_shift_clears_the_other_edge" time="0.001" /><testcase classname="tests.test_shift" name="test_a_newly_visible_strip_has_no_ceiling" time="0.001" /><testcase classname="tests.test_shift" name="test_the_strip_clear_agrees_with_what_allocate_starts_the_map_in" time="0.001" /><testcase classname="tests.test_shift" name="test_a_literal_zero_clear_is_still_available" time="0.001" /><testcase classname="tests.test_shift" name="test_flat_slot_into_matches_flat_slot[0-0-400-0]" time="0.002" /><testcase classname="tests.test_shift" name="test_flat_slot_into_matches_flat_slot[0-0-500-160000]" time="0.002" /><testcase classname="tests.test_shift" name="test_flat_slot_into_matches_flat_slot[0-0-500-660000]" time="0.002" /><testcase classname="tests.test_shift" name="test_flat_slot_into_matches_flat_slot[0-0-32-7]" time="0.002" /><testcase classname="tests.test_shift" name="test_flat_slot_into_matches_flat_slot[0-0-33-11]" time="0.002" /><testcase classname="tests.test_shift" name="test_flat_slot_into_matches_flat_slot[37--13-400-0]" time="0.002" /><testcase classname="tests.test_shift" name="test_flat_slot_into_matches_flat_slot[37--13-500-160000]" time="0.002" /><testcase classname="tests.test_shift" name="test_flat_slot_into_matches_flat_slot[37--13-500-660000]" time="0.002" /><testcase classname="tests.test_shift" name="test_flat_slot_into_matches_flat_slot[37--13-32-7]" time="0.002" /><testcase classname="tests.test_shift" name="test_flat_slot_into_matches_flat_slot[37--13-33-11]" time="0.002" /><testcase classname="tests.test_shift" name="test_flat_slot_into_matches_flat_slot[1234-998-400-0]" time="0.002" /><testcase classname="tests.test_shift" name="test_flat_slot_into_matches_flat_slot[1234-998-500-160000]" time="0.002" /><testcase classname="tests.test_shift" name="test_flat_slot_into_matches_flat_slot[1234-998-500-660000]" time="0.002" /><testcase classname="tests.test_shift" name="test_flat_slot_into_matches_flat_slot[1234-998-32-7]" time="0.002" /><testcase classname="tests.test_shift" name="test_flat_slot_into_matches_flat_slot[1234-998-33-11]" time="0.002" /><testcase classname="tests.test_shift" name="test_flat_slot_into_matches_flat_slot[-900-401-400-0]" time="0.002" /><testcase classname="tests.test_shift" name="test_flat_slot_into_matches_flat_slot[-900-401-500-160000]" time="0.002" /><testcase classname="tests.test_shift" name="test_flat_slot_into_matches_flat_slot[-900-401-500-660000]" time="0.002" /><testcase classname="tests.test_shift" name="test_flat_slot_into_matches_flat_slot[-900-401-32-7]" time="0.002" /><testcase classname="tests.test_shift" name="test_flat_slot_into_matches_flat_slot[-900-401-33-11]" time="0.002" /><testcase classname="tests.test_shift" name="test_flat_slot_into_allocates_nothing_per_call" time="0.015" /><testcase classname="tests.test_shift" name="test_flat_slot_into_accepts_a_scratch_larger_than_the_batch" time="0.002" /><testcase classname="tests.test_splitmerge" name="test_merge_uses_law_of_total_variance" time="0.001" /><testcase classname="tests.test_splitmerge" name="test_between_term_vanishes_for_identical_means" time="0.001" /><testcase classname="tests.test_splitmerge" name="test_merge_on_a_step_exceeds_delta_squared_over_four" time="0.001" /><testcase classname="tests.test_splitmerge" name="test_merge_never_falls_below_the_average_child_variance" time="0.129" /><testcase classname="tests.test_splitmerge" name="test_merged_confidence_is_the_least_confident_child" time="0.002" /><testcase classname="tests.test_splitmerge" name="test_merge_flags_are_unanimous_where_the_footprint_demands_it" time="0.001" /><testcase classname="tests.test_splitmerge" name="test_merge_rejects_a_child_count_that_is_not_a_square" time="0.001" /><testcase classname="tests.test_splitmerge" name="test_split_strictly_inflates_variance" time="0.004" /><testcase classname="tests.test_splitmerge" name="test_split_on_flat_ground_is_free" time="0.004" /><testcase classname="tests.test_splitmerge" name="test_split_refuses_the_base_lattice" time="0.004" /><testcase classname="tests.test_splitmerge" name="test_split_follows_the_schedule_not_the_number_four" time="0.003" /><testcase classname="tests.test_splitmerge" name="test_round_trip_idempotence" time="0.027" /><testcase classname="tests.test_splitmerge" name="test_round_trip_without_the_bit_drifts_every_cycle" time="0.010" /><testcase classname="tests.test_splitmerge" name="test_one_measurement_takes_the_merge_off_the_restore_path" time="0.004" /><testcase classname="tests.test_splitmerge" name="test_a_count_that_moved_behind_the_bit_does_not_restore" time="0.004" /><testcase classname="tests.test_splitmerge" name="test_hysteresis_prevents_boundary_thrash" time="0.087" /><testcase classname="tests.test_splitmerge" name="test_config_carries_kappa_and_alpha" time="0.001" /><testcase classname="tests.test_splitmerge" name="test_kappa_from_geometry_is_one_twelfth_at_every_ratio" time="0.001" /><testcase classname="tests.test_splitmerge" name="test_alpha_would_break_the_flat_ground_remark" time="0.004" /><testcase classname="tests.test_static_wall" name="test_static_wall_plane_is_stationary[straight_3150-3150-near-straight, dense facade on the left]" time="0.000"><skipped type="pytest.skip" message="KITTI sequence 00 (GT poses + velodyne + .label files) not present -- set HISTORICAL_REFERENCE_DATA_ROOT">/home/ashin/Hackathon/SIH/legacy-reference/tests/test_static_wall.py:166: KITTI sequence 00 (GT poses + velodyne + .label files) not present -- set HISTORICAL_REFERENCE_DATA_ROOT</skipped></testcase><testcase classname="tests.test_static_wall" name="test_static_wall_plane_is_stationary[turning_2550-2550-~6 deg heading change, facade on the left]" time="0.000"><skipped type="pytest.skip" message="KITTI sequence 00 (GT poses + velodyne + .label files) not present -- set HISTORICAL_REFERENCE_DATA_ROOT">/home/ashin/Hackathon/SIH/legacy-reference/tests/test_static_wall.py:166: KITTI sequence 00 (GT poses + velodyne + .label files) not present -- set HISTORICAL_REFERENCE_DATA_ROOT</skipped></testcase><testcase classname="tests.test_static_wall" name="test_static_wall_plane_is_stationary[straight_0600-600-near-straight, long facade on the left]" time="0.000"><skipped type="pytest.skip" message="KITTI sequence 00 (GT poses + velodyne + .label files) not present -- set HISTORICAL_REFERENCE_DATA_ROOT">/home/ashin/Hackathon/SIH/legacy-reference/tests/test_static_wall.py:166: KITTI sequence 00 (GT poses + velodyne + .label files) not present -- set HISTORICAL_REFERENCE_DATA_ROOT</skipped></testcase><testcase classname="tests.test_synthetic_layout" name="test_the_files_land_where_the_loader_looks_for_them" time="0.699" /><testcase classname="tests.test_synthetic_layout" name="test_the_bin_is_in_the_sensor_frame" time="0.002" /><testcase classname="tests.test_synthetic_layout" name="test_the_label_file_holds_raw_semantickitti_ids" time="0.002" /><testcase classname="tests.test_synthetic_layout" name="test_the_pose_row_is_camera_convention_and_composes_back" time="0.002" /><testcase classname="tests.test_synthetic_layout" name="test_the_round_trip_puts_the_ground_back_on_the_surface" time="0.012" /><testcase classname="tests.test_synthetic_layout" name="test_every_return_is_at_the_elevation_of_the_beam_that_fired_it" time="0.173" /><testcase classname="tests.test_synthetic_layout" name="test_ground_returns_lie_exactly_on_the_analytic_surface" time="0.175" /><testcase classname="tests.test_synthetic_layout" name="test_the_blind_cone_is_where_section_1_2_says_it_is" time="0.172" /><testcase classname="tests.test_synthetic_layout" name="test_the_pothole_is_resolved_near_and_invisible_far" time="0.511" /><testcase classname="tests.test_synthetic_layout" name="test_structure_is_off_by_default" time="0.355" /><testcase classname="tests.test_timing" name="test_reports_p50_and_p99_not_the_mean" time="0.002" /><testcase classname="tests.test_timing" name="test_percentiles_are_observed_samples_not_interpolated" time="0.002" /><testcase classname="tests.test_timing" name="test_headroom_is_fps_over_sensor_rate" time="0.001" /><testcase classname="tests.test_timing" name="test_a_pipeline_that_misses_the_rate_only_at_p99_is_reported_as_missing" time="0.001" /><testcase classname="tests.test_timing" name="test_recording_does_not_allocate" time="0.058" /><testcase classname="tests.test_timing" name="test_buffer_is_circular_and_bounded" time="0.002" /><testcase classname="tests.test_timing" name="test_context_manager_records_the_stage" time="0.001" /><testcase classname="tests.test_timing" name="test_unused_stages_are_omitted" time="0.001" /><testcase classname="tests.test_timing" name="test_snapshot_is_detached_from_the_live_buffer" time="0.001" /><testcase classname="tests.test_timing" name="test_reset_clears_counts_without_reallocating" time="0.001" /><testcase classname="tests.test_timing" name="test_unknown_stage_is_a_loud_error" time="0.001" /><testcase classname="tests.test_transient" name="test_separate_reads_raw_moving_ids" time="0.001" /><testcase classname="tests.test_transient" name="test_the_learning_map_destroys_the_information_separate_needs" time="0.001" /><testcase classname="tests.test_transient" name="test_clear_wipes_the_grid_and_not_the_tracks" time="0.010" /><testcase classname="tests.test_transient" name="test_ingest_keeps_the_top_of_the_obstacle_not_its_mean" time="0.009" /><testcase classname="tests.test_transient" name="test_both_layers_measure_height_from_the_same_datum" time="0.008" /><testcase classname="tests.test_transient" name="test_a_stationary_map_is_unchanged_by_the_datum_rule" time="0.010" /><testcase classname="tests.test_transient" name="test_ingest_does_not_depend_on_point_order" time="0.023" /><testcase classname="tests.test_transient" name="test_query_returns_the_union" time="0.009" /><testcase classname="tests.test_transient" name="test_tracks_persist_through_a_gap_then_expire" time="0.002" /><testcase classname="tests.test_transient" name="test_track_list_is_capped_and_evicts_the_stalest" time="0.001" /><testcase classname="tests.test_transient" name="test_cluster_groups_a_vehicle_into_one_object" time="0.002" /><testcase classname="tests.test_transient" name="test_the_transient_layer_keeps_the_car_out_of_the_elevation_map" time="2.963" /><testcase classname="tests.test_traversability" name="test_flat_well_observed_road_is_traversable" time="0.002" /><testcase classname="tests.test_traversability" name="test_clearance_bit" time="0.001" /><testcase classname="tests.test_traversability" name="test_slope_bit_and_the_gradient_it_uses" time="0.002" /><testcase classname="tests.test_traversability" name="test_step_bit_uses_the_maximum_not_the_mean" time="0.002" /><testcase classname="tests.test_traversability" name="test_roughness_bit_reads_through_the_variance_codec" time="0.001" /><testcase classname="tests.test_traversability" name="test_class_bit_filters_but_does_not_decide" time="0.002" /><testcase classname="tests.test_traversability" name="test_unobserved_fails_safe_twice_over" time="0.001" /><testcase classname="tests.test_traversability" name="test_the_window_border_is_marked_rather_than_fabricated" time="0.001" /><testcase classname="tests.test_traversability" name="test_drivable_set_comes_from_config_by_name" time="0.002" /><testcase classname="tests.test_traversability" name="test_the_class_table_is_the_one_the_labels_use" time="0.001" /><testcase classname="tests.test_traversability" name="test_the_road_is_drivable_and_a_building_is_not" time="0.001" /><testcase classname="tests.test_traversability" name="test_terrain_is_drivable_and_now_fits_the_cell" time="0.001" /><testcase classname="tests.test_traversability" name="test_geometry_is_not_fabricated_against_unobserved_neighbours" time="0.002" /><testcase classname="tests.test_traversability" name="test_baseline_k_falls_back_to_one_cell_when_the_ring_is_coarser" time="0.001" /><testcase classname="tests.test_traversability" name="test_the_stencil_spans_the_baseline_to_within_one_cell[0.05]" time="0.001" /><testcase classname="tests.test_traversability" name="test_the_stencil_spans_the_baseline_to_within_one_cell[0.1]" time="0.001" /><testcase classname="tests.test_traversability" name="test_the_stencil_spans_the_baseline_to_within_one_cell[0.2]" time="0.001" /><testcase classname="tests.test_traversability" name="test_the_stencil_spans_the_baseline_to_within_one_cell[0.25]" time="0.001" /><testcase classname="tests.test_traversability" name="test_the_stencil_spans_the_baseline_to_within_one_cell[0.4]" time="0.001" /><testcase classname="tests.test_traversability" name="test_the_stencil_spans_the_baseline_to_within_one_cell[0.8]" time="0.001" /><testcase classname="tests.test_traversability" name="test_the_kerb_gets_one_slope_verdict_across_every_lattice" time="0.003" /><testcase classname="tests.test_traversability" name="test_without_the_baseline_the_kerb_verdict_flips_with_cell_size" time="0.003" /><testcase classname="tests.test_traversability" name="test_the_pothole_rim_still_fails_wherever_the_lattice_can_resolve_it" time="0.003" /><testcase classname="tests.test_traversability" name="test_the_step_bit_reads_over_the_baseline_not_the_cell" time="0.003" /><testcase classname="tests.test_traversability" name="test_bitfield_matches_the_reference[40-0.05-None]" time="0.003" /><testcase classname="tests.test_traversability" name="test_bitfield_matches_the_reference[40-0.05-0.5]" time="0.003" /><testcase classname="tests.test_traversability" name="test_bitfield_matches_the_reference[33-0.1-None]" time="0.003" /><testcase classname="tests.test_traversability" name="test_bitfield_matches_the_reference[33-0.1-0.5]" time="0.003" /><testcase classname="tests.test_traversability" name="test_bitfield_matches_the_reference[25-0.2-None]" time="0.002" /><testcase classname="tests.test_traversability" name="test_bitfield_matches_the_reference[25-0.2-0.5]" time="0.002" /><testcase classname="tests.test_traversability" name="test_bitfield_matches_the_reference[17-0.4-None]" time="0.002" /><testcase classname="tests.test_traversability" name="test_bitfield_matches_the_reference[17-0.4-0.5]" time="0.002" /><testcase classname="tests.test_visibility" name="test_a_beam_returning_from_beyond_clears_the_cell" time="0.001" /><testcase classname="tests.test_visibility" name="test_a_beam_stopping_in_front_does_not_clear" time="0.001" /><testcase classname="tests.test_visibility" name="test_a_beam_returning_from_the_cell_itself_does_not_clear" time="0.001" /><testcase classname="tests.test_visibility" name="test_a_pixel_with_no_return_clears_nothing" time="0.001" /><testcase classname="tests.test_visibility" name="test_a_cell_below_the_field_of_view_is_not_cleared" time="0.001" /><testcase classname="tests.test_visibility" name="test_delta_widens_with_range_as_the_doc_requires" time="0.001" /><testcase classname="tests.test_visibility" name="test_the_config_value_acts_as_a_floor_not_a_ceiling" time="0.001" /><testcase classname="tests.test_visibility" name="test_a_cell_inside_the_tolerance_band_is_not_cleared" time="0.001" /><testcase classname="tests.test_visibility" name="test_a_pole_survives_a_hundred_frames" time="0.015" /><testcase classname="tests.test_visibility" name="test_without_the_guard_a_pole_is_eaten" time="0.002" /><testcase classname="tests.test_visibility" name="test_the_guard_only_protects_cells_seen_this_scan" time="0.001" /><testcase classname="tests.test_visibility" name="test_range_is_measured_from_the_sensor_not_the_vehicle_origin" time="0.001" /><testcase classname="tests.test_visibility" name="test_projection_covers_the_image_without_going_out_of_bounds" time="0.003" /><testcase classname="tests.test_visibility" name="test_cleanup_with_scratch_allocates_little_per_frame" time="0.016" /><testcase classname="tests.test_visibility" name="test_a_float32_range_image_is_gathered_not_copied" time="0.012" /><testcase classname="tests.test_visibility" name="test_no_scratch_means_the_image_chooses_the_width" time="0.002" /><testcase classname="tests.test_visibility" name="test_an_image_that_does_not_match_the_scratch_is_refused_readably" time="0.001" /><testcase classname="tests.test_visibility" name="test_an_integer_range_image_has_no_way_to_say_no_return" time="0.001" /><testcase classname="tests.test_visibility" name="test_more_candidates_than_scratch_is_refused" time="0.001" /><testcase classname="tests.test_visibility" name="test_apply_miss_clamps_so_the_map_can_change_its_mind" time="0.002" /><testcase classname="tests.test_visibility" name="test_the_scratch_path_matches_the_readable_one" time="0.001" /><testcase classname="tests.test_visibility" name="test_columns_match_jp_projection" time="0.016" /><testcase classname="tests.test_visibility" name="test_visibility_cleanup_on_device_is_bit_identical_to_cpu" time="0.002"><skipped type="pytest.skip" message="cupy unavailable: No module named 'cupy'">/home/ashin/Hackathon/SIH/legacy-reference/tests/test_visibility.py:400: cupy unavailable: No module named 'cupy'</skipped></testcase><testcase classname="tests.test_visibility" name="test_visibility_cleanup_never_clears_on_a_no_return_pixel_on_device" time="0.001"><skipped type="pytest.skip" message="cupy unavailable: No module named 'cupy'">/home/ashin/Hackathon/SIH/legacy-reference/tests/test_visibility.py:400: cupy unavailable: No module named 'cupy'</skipped></testcase><testcase classname="tests.test_visibility" name="test_visibility_cleanup_is_reproducible_on_device" time="0.001"><skipped type="pytest.skip" message="cupy unavailable: No module named 'cupy'">/home/ashin/Hackathon/SIH/legacy-reference/tests/test_visibility.py:400: cupy unavailable: No module named 'cupy'</skipped></testcase><testcase classname="tests.test_vram_contention" name="test_the_recorded_measurement_renders" time="0.008" /><testcase classname="tests.test_vram_contention" name="test_the_declared_device_memory_is_what_the_pool_holds" time="0.001" /><testcase classname="tests.test_vram_contention" name="test_every_timed_configuration_kept_its_frames" time="0.001" /></testsuite></testsuites>